22:48:39.177 [DEBUG] [org.gradle.launcher.daemon.bootstrap.DaemonMain] Assuming the daemon was started with following jvm opts: [-XX:MaxPermSize=256m, -XX:+HeapDumpOnOutOfMemoryError, -Xmx1024m, -Dfile.encoding=GBK, -Duser.country=CN, -Duser.language=zh, -Duser.variant]
22:48:39.181 [DEBUG] [org.gradle.internal.nativeintegration.services.NativeServices] Native-platform posix files integration is not available. Continuing with fallback.
22:48:39.798 [INFO] [org.gradle.launcher.daemon.server.Daemon] start() called on daemon - DefaultDaemonContext[uid=3a66f2d0-5694-4ae1-bfd0-5f9bbae0fa32,javaHome=D:\JetBrains\IntelliJ IDEA 2017.2.4\jre64,daemonRegistryDir=C:\Users\liuqingbo\.gradle\daemon,pid=2172,idleTimeout=10800000,daemonOpts=-XX:MaxPermSize=256m,-XX:+HeapDumpOnOutOfMemoryError,-Xmx1024m,-Dfile.encoding=GBK,-Duser.country=CN,-Duser.language=zh,-Duser.variant]
22:48:39.876 [DEBUG] [org.gradle.internal.remote.internal.inet.InetAddresses] Adding IP addresses for network interface Software Loopback Interface 1
22:48:39.880 [DEBUG] [org.gradle.internal.remote.internal.inet.InetAddresses] Is this a loopback interface? true
22:48:39.882 [DEBUG] [org.gradle.internal.remote.internal.inet.InetAddresses] Is this a multicast interface? true
22:48:39.883 [DEBUG] [org.gradle.internal.remote.internal.inet.InetAddresses] Adding loopback address /127.0.0.1
22:48:39.883 [DEBUG] [org.gradle.internal.remote.internal.inet.InetAddresses] Adding loopback address /0:0:0:0:0:0:0:1
22:48:39.883 [DEBUG] [org.gradle.internal.remote.internal.inet.InetAddresses] Adding loopback multicast interface Software Loopback Interface 1
22:48:39.884 [DEBUG] [org.gradle.internal.remote.internal.inet.InetAddresses] Adding IP addresses for network interface WAN Miniport (SSTP)
22:48:39.887 [DEBUG] [org.gradle.internal.remote.internal.inet.InetAddresses] Is this a loopback interface? false
22:48:39.889 [DEBUG] [org.gradle.internal.remote.internal.inet.InetAddresses] Is this a multicast interface? true
22:48:39.889 [DEBUG] [org.gradle.internal.remote.internal.inet.InetAddresses] Adding loopback multicast interface WAN Miniport (SSTP)
22:48:39.890 [DEBUG] [org.gradle.internal.remote.internal.inet.InetAddresses] Adding IP addresses for network interface WAN Miniport (L2TP)
22:48:39.892 [DEBUG] [org.gradle.internal.remote.internal.inet.InetAddresses] Is this a loopback interface? false
22:48:39.895 [DEBUG] [org.gradle.internal.remote.internal.inet.InetAddresses] Is this a multicast interface? true
22:48:39.895 [DEBUG] [org.gradle.internal.remote.internal.inet.InetAddresses] Adding loopback multicast interface WAN Miniport (L2TP)
22:48:39.895 [DEBUG] [org.gradle.internal.remote.internal.inet.InetAddresses] Adding IP addresses for network interface WAN Miniport (PPTP)
22:48:39.898 [DEBUG] [org.gradle.internal.remote.internal.inet.InetAddresses] Is this a loopback interface? false
22:48:39.902 [DEBUG] [org.gradle.internal.remote.internal.inet.InetAddresses] Is this a multicast interface? true
22:48:39.902 [DEBUG] [org.gradle.internal.remote.internal.inet.InetAddresses] Adding loopback multicast interface WAN Miniport (PPTP)
22:48:39.902 [DEBUG] [org.gradle.internal.remote.internal.inet.InetAddresses] Adding IP addresses for network interface WAN Miniport (PPPOE)
22:48:39.905 [DEBUG] [org.gradle.internal.remote.internal.inet.InetAddresses] Is this a loopback interface? false
22:48:39.909 [DEBUG] [org.gradle.internal.remote.internal.inet.InetAddresses] Is this a multicast interface? true
22:48:39.909 [DEBUG] [org.gradle.internal.remote.internal.inet.InetAddresses] Adding loopback multicast interface WAN Miniport (PPPOE)
22:48:39.909 [DEBUG] [org.gradle.internal.remote.internal.inet.InetAddresses] Adding IP addresses for network interface WAN Miniport (IPv6)
22:48:39.912 [DEBUG] [org.gradle.internal.remote.internal.inet.InetAddresses] Is this a loopback interface? false
22:48:39.915 [DEBUG] [org.gradle.internal.remote.internal.inet.InetAddresses] Is this a multicast interface? true
22:48:39.915 [DEBUG] [org.gradle.internal.remote.internal.inet.InetAddresses] Adding loopback multicast interface WAN Miniport (IPv6)
22:48:39.915 [DEBUG] [org.gradle.internal.remote.internal.inet.InetAddresses] Adding IP addresses for network interface WAN Miniport (Network Monitor)
22:48:39.918 [DEBUG] [org.gradle.internal.remote.internal.inet.InetAddresses] Is this a loopback interface? false
22:48:39.922 [DEBUG] [org.gradle.internal.remote.internal.inet.InetAddresses] Is this a multicast interface? true
22:48:39.922 [DEBUG] [org.gradle.internal.remote.internal.inet.InetAddresses] Adding loopback multicast interface WAN Miniport (Network Monitor)
22:48:39.922 [DEBUG] [org.gradle.internal.remote.internal.inet.InetAddresses] Adding IP addresses for network interface WAN Miniport (IP)
22:48:39.926 [DEBUG] [org.gradle.internal.remote.internal.inet.InetAddresses] Is this a loopback interface? false
22:48:39.930 [DEBUG] [org.gradle.internal.remote.internal.inet.InetAddresses] Is this a multicast interface? true
22:48:39.930 [DEBUG] [org.gradle.internal.remote.internal.inet.InetAddresses] Adding loopback multicast interface WAN Miniport (IP)
22:48:39.930 [DEBUG] [org.gradle.internal.remote.internal.inet.InetAddresses] Adding IP addresses for network interface RAS Async Adapter
22:48:39.933 [DEBUG] [org.gradle.internal.remote.internal.inet.InetAddresses] Is this a loopback interface? false
22:48:39.936 [DEBUG] [org.gradle.internal.remote.internal.inet.InetAddresses] Is this a multicast interface? true
22:48:39.936 [DEBUG] [org.gradle.internal.remote.internal.inet.InetAddresses] Adding loopback multicast interface RAS Async Adapter
22:48:39.936 [DEBUG] [org.gradle.internal.remote.internal.inet.InetAddresses] Adding IP addresses for network interface WAN Miniport (IKEv2)
22:48:39.939 [DEBUG] [org.gradle.internal.remote.internal.inet.InetAddresses] Is this a loopback interface? false
22:48:39.943 [DEBUG] [org.gradle.internal.remote.internal.inet.InetAddresses] Is this a multicast interface? true
22:48:39.943 [DEBUG] [org.gradle.internal.remote.internal.inet.InetAddresses] Adding loopback multicast interface WAN Miniport (IKEv2)
22:48:39.943 [DEBUG] [org.gradle.internal.remote.internal.inet.InetAddresses] Adding IP addresses for network interface Microsoft Virtual WiFi Miniport Adapter
22:48:39.946 [DEBUG] [org.gradle.internal.remote.internal.inet.InetAddresses] Is this a loopback interface? false
22:48:39.948 [DEBUG] [org.gradle.internal.remote.internal.inet.InetAddresses] Is this a multicast interface? true
22:48:39.949 [DEBUG] [org.gradle.internal.remote.internal.inet.InetAddresses] Adding loopback multicast interface Microsoft Virtual WiFi Miniport Adapter
22:48:39.949 [DEBUG] [org.gradle.internal.remote.internal.inet.InetAddresses] Adding IP addresses for network interface VMware Virtual Ethernet Adapter for VMnet1
22:48:39.952 [DEBUG] [org.gradle.internal.remote.internal.inet.InetAddresses] Is this a loopback interface? false
22:48:39.955 [DEBUG] [org.gradle.internal.remote.internal.inet.InetAddresses] Is this a multicast interface? true
22:48:39.955 [DEBUG] [org.gradle.internal.remote.internal.inet.InetAddresses] Adding remote address /192.168.205.1
22:48:39.955 [DEBUG] [org.gradle.internal.remote.internal.inet.InetAddresses] Adding remote address /fe80:0:0:0:f09c:1eae:162a:b5b0%eth3
22:48:39.955 [DEBUG] [org.gradle.internal.remote.internal.inet.InetAddresses] Adding remote multicast interface VMware Virtual Ethernet Adapter for VMnet1
22:48:39.955 [DEBUG] [org.gradle.internal.remote.internal.inet.InetAddresses] Adding IP addresses for network interface VMware Virtual Ethernet Adapter for VMnet8
22:48:39.958 [DEBUG] [org.gradle.internal.remote.internal.inet.InetAddresses] Is this a loopback interface? false
22:48:39.961 [DEBUG] [org.gradle.internal.remote.internal.inet.InetAddresses] Is this a multicast interface? true
22:48:39.961 [DEBUG] [org.gradle.internal.remote.internal.inet.InetAddresses] Adding remote address /192.168.50.1
22:48:39.961 [DEBUG] [org.gradle.internal.remote.internal.inet.InetAddresses] Adding remote address /fe80:0:0:0:3c4e:f2ec:323b:9e3f%eth4
22:48:39.961 [DEBUG] [org.gradle.internal.remote.internal.inet.InetAddresses] Adding remote multicast interface VMware Virtual Ethernet Adapter for VMnet8
22:48:39.961 [DEBUG] [org.gradle.internal.remote.internal.inet.InetAddresses] Adding IP addresses for network interface Microsoft ISATAP Adapter #3
22:48:39.965 [DEBUG] [org.gradle.internal.remote.internal.inet.InetAddresses] Is this a loopback interface? false
22:48:39.969 [DEBUG] [org.gradle.internal.remote.internal.inet.InetAddresses] Is this a multicast interface? false
22:48:39.969 [DEBUG] [org.gradle.internal.remote.internal.inet.InetAddresses] Adding remote address /fe80:0:0:0:0:5efe:c0a8:64%net4
22:48:39.969 [DEBUG] [org.gradle.internal.remote.internal.inet.InetAddresses] Adding IP addresses for network interface Microsoft ISATAP Adapter #4
22:48:39.972 [DEBUG] [org.gradle.internal.remote.internal.inet.InetAddresses] Is this a loopback interface? false
22:48:39.976 [DEBUG] [org.gradle.internal.remote.internal.inet.InetAddresses] Is this a multicast interface? false
22:48:39.977 [DEBUG] [org.gradle.internal.remote.internal.inet.InetAddresses] Adding remote address /fe80:0:0:0:0:5efe:c0a8:3201%net5
22:48:39.977 [DEBUG] [org.gradle.internal.remote.internal.inet.InetAddresses] Adding IP addresses for network interface Microsoft Virtual WiFi Miniport Adapter #2
22:48:39.979 [DEBUG] [org.gradle.internal.remote.internal.inet.InetAddresses] Is this a loopback interface? false
22:48:39.982 [DEBUG] [org.gradle.internal.remote.internal.inet.InetAddresses] Is this a multicast interface? true
22:48:39.982 [DEBUG] [org.gradle.internal.remote.internal.inet.InetAddresses] Adding loopback multicast interface Microsoft Virtual WiFi Miniport Adapter #2
22:48:39.982 [DEBUG] [org.gradle.internal.remote.internal.inet.InetAddresses] Adding IP addresses for network interface null
22:48:39.985 [DEBUG] [org.gradle.internal.remote.internal.inet.InetAddresses] Is this a loopback interface? false
22:48:39.987 [DEBUG] [org.gradle.internal.remote.internal.inet.InetAddresses] Is this a multicast interface? true
22:48:39.988 [DEBUG] [org.gradle.internal.remote.internal.inet.InetAddresses] Adding loopback multicast interface null
22:48:39.988 [DEBUG] [org.gradle.internal.remote.internal.inet.InetAddresses] Adding IP addresses for network interface Intel(R) Ethernet Connection (2) I219-V
22:48:39.990 [DEBUG] [org.gradle.internal.remote.internal.inet.InetAddresses] Is this a loopback interface? false
22:48:39.993 [DEBUG] [org.gradle.internal.remote.internal.inet.InetAddresses] Is this a multicast interface? true
22:48:39.993 [DEBUG] [org.gradle.internal.remote.internal.inet.InetAddresses] Adding remote address /fe80:0:0:0:7c3a:e2b5:16af:8cdc%eth6
22:48:39.993 [DEBUG] [org.gradle.internal.remote.internal.inet.InetAddresses] Adding remote multicast interface Intel(R) Ethernet Connection (2) I219-V
22:48:39.993 [DEBUG] [org.gradle.internal.remote.internal.inet.InetAddresses] Adding IP addresses for network interface Microsoft ISATAP Adapter
22:48:39.996 [DEBUG] [org.gradle.internal.remote.internal.inet.InetAddresses] Is this a loopback interface? false
22:48:39.999 [DEBUG] [org.gradle.internal.remote.internal.inet.InetAddresses] Is this a multicast interface? false
22:48:39.999 [DEBUG] [org.gradle.internal.remote.internal.inet.InetAddresses] Adding remote address /fe80:0:0:0:0:5efe:c0a8:cd01%net6
22:48:39.999 [DEBUG] [org.gradle.internal.remote.internal.inet.InetAddresses] Adding IP addresses for network interface Microsoft ISATAP Adapter #2
22:48:40.002 [DEBUG] [org.gradle.internal.remote.internal.inet.InetAddresses] Is this a loopback interface? false
22:48:40.005 [DEBUG] [org.gradle.internal.remote.internal.inet.InetAddresses] Is this a multicast interface? true
22:48:40.005 [DEBUG] [org.gradle.internal.remote.internal.inet.InetAddresses] Adding loopback multicast interface Microsoft ISATAP Adapter #2
22:48:40.005 [DEBUG] [org.gradle.internal.remote.internal.inet.InetAddresses] Adding IP addresses for network interface 802.11n USB Wireless LAN Card
22:48:40.007 [DEBUG] [org.gradle.internal.remote.internal.inet.InetAddresses] Is this a loopback interface? false
22:48:40.011 [DEBUG] [org.gradle.internal.remote.internal.inet.InetAddresses] Is this a multicast interface? true
22:48:40.011 [DEBUG] [org.gradle.internal.remote.internal.inet.InetAddresses] Adding remote address /192.168.0.100
22:48:40.011 [DEBUG] [org.gradle.internal.remote.internal.inet.InetAddresses] Adding remote address /fe80:0:0:0:451a:19:a382:d64f%wlan2
22:48:40.011 [DEBUG] [org.gradle.internal.remote.internal.inet.InetAddresses] Adding remote multicast interface 802.11n USB Wireless LAN Card
22:48:40.011 [DEBUG] [org.gradle.internal.remote.internal.inet.InetAddresses] Adding IP addresses for network interface Intel(R) Ethernet Connection (2) I219-V-QoS Packet Scheduler-0000
22:48:40.014 [DEBUG] [org.gradle.internal.remote.internal.inet.InetAddresses] Is this a loopback interface? false
22:48:40.017 [DEBUG] [org.gradle.internal.remote.internal.inet.InetAddresses] Is this a multicast interface? true
22:48:40.017 [DEBUG] [org.gradle.internal.remote.internal.inet.InetAddresses] Adding loopback multicast interface Intel(R) Ethernet Connection (2) I219-V-QoS Packet Scheduler-0000
22:48:40.018 [DEBUG] [org.gradle.internal.remote.internal.inet.InetAddresses] Adding IP addresses for network interface Intel(R) Ethernet Connection (2) I219-V-WFP LightWeight Filter-0000
22:48:40.021 [DEBUG] [org.gradle.internal.remote.internal.inet.InetAddresses] Is this a loopback interface? false
22:48:40.024 [DEBUG] [org.gradle.internal.remote.internal.inet.InetAddresses] Is this a multicast interface? true
22:48:40.024 [DEBUG] [org.gradle.internal.remote.internal.inet.InetAddresses] Adding loopback multicast interface Intel(R) Ethernet Connection (2) I219-V-WFP LightWeight Filter-0000
22:48:40.024 [DEBUG] [org.gradle.internal.remote.internal.inet.InetAddresses] Adding IP addresses for network interface WAN Miniport (IPv6)-QoS Packet Scheduler-0000
22:48:40.027 [DEBUG] [org.gradle.internal.remote.internal.inet.InetAddresses] Is this a loopback interface? false
22:48:40.030 [DEBUG] [org.gradle.internal.remote.internal.inet.InetAddresses] Is this a multicast interface? true
22:48:40.030 [DEBUG] [org.gradle.internal.remote.internal.inet.InetAddresses] Adding loopback multicast interface WAN Miniport (IPv6)-QoS Packet Scheduler-0000
22:48:40.030 [DEBUG] [org.gradle.internal.remote.internal.inet.InetAddresses] Adding IP addresses for network interface WAN Miniport (IP)-QoS Packet Scheduler-0000
22:48:40.033 [DEBUG] [org.gradle.internal.remote.internal.inet.InetAddresses] Is this a loopback interface? false
22:48:40.035 [DEBUG] [org.gradle.internal.remote.internal.inet.InetAddresses] Is this a multicast interface? true
22:48:40.036 [DEBUG] [org.gradle.internal.remote.internal.inet.InetAddresses] Adding loopback multicast interface WAN Miniport (IP)-QoS Packet Scheduler-0000
22:48:40.036 [DEBUG] [org.gradle.internal.remote.internal.inet.InetAddresses] Adding IP addresses for network interface WAN Miniport (Network Monitor)-QoS Packet Scheduler-0000
22:48:40.038 [DEBUG] [org.gradle.internal.remote.internal.inet.InetAddresses] Is this a loopback interface? false
22:48:40.041 [DEBUG] [org.gradle.internal.remote.internal.inet.InetAddresses] Is this a multicast interface? true
22:48:40.041 [DEBUG] [org.gradle.internal.remote.internal.inet.InetAddresses] Adding loopback multicast interface WAN Miniport (Network Monitor)-QoS Packet Scheduler-0000
22:48:40.041 [DEBUG] [org.gradle.internal.remote.internal.inet.InetAddresses] Adding IP addresses for network interface 802.11n USB Wireless LAN Card-Virtual WiFi Filter Driver-0000
22:48:40.044 [DEBUG] [org.gradle.internal.remote.internal.inet.InetAddresses] Is this a loopback interface? false
22:48:40.046 [DEBUG] [org.gradle.internal.remote.internal.inet.InetAddresses] Is this a multicast interface? true
22:48:40.046 [DEBUG] [org.gradle.internal.remote.internal.inet.InetAddresses] Adding loopback multicast interface 802.11n USB Wireless LAN Card-Virtual WiFi Filter Driver-0000
22:48:40.046 [DEBUG] [org.gradle.internal.remote.internal.inet.InetAddresses] Adding IP addresses for network interface 802.11n USB Wireless LAN Card-QoS Packet Scheduler-0000
22:48:40.049 [DEBUG] [org.gradle.internal.remote.internal.inet.InetAddresses] Is this a loopback interface? false
22:48:40.052 [DEBUG] [org.gradle.internal.remote.internal.inet.InetAddresses] Is this a multicast interface? true
22:48:40.052 [DEBUG] [org.gradle.internal.remote.internal.inet.InetAddresses] Adding loopback multicast interface 802.11n USB Wireless LAN Card-QoS Packet Scheduler-0000
22:48:40.052 [DEBUG] [org.gradle.internal.remote.internal.inet.InetAddresses] Adding IP addresses for network interface 802.11n USB Wireless LAN Card-Native WiFi Filter Driver-0000
22:48:40.055 [DEBUG] [org.gradle.internal.remote.internal.inet.InetAddresses] Is this a loopback interface? false
22:48:40.058 [DEBUG] [org.gradle.internal.remote.internal.inet.InetAddresses] Is this a multicast interface? true
22:48:40.058 [DEBUG] [org.gradle.internal.remote.internal.inet.InetAddresses] Adding loopback multicast interface 802.11n USB Wireless LAN Card-Native WiFi Filter Driver-0000
22:48:40.058 [DEBUG] [org.gradle.internal.remote.internal.inet.InetAddresses] Adding IP addresses for network interface 802.11n USB Wireless LAN Card-WFP LightWeight Filter-0000
22:48:40.060 [DEBUG] [org.gradle.internal.remote.internal.inet.InetAddresses] Is this a loopback interface? false
22:48:40.063 [DEBUG] [org.gradle.internal.remote.internal.inet.InetAddresses] Is this a multicast interface? true
22:48:40.063 [DEBUG] [org.gradle.internal.remote.internal.inet.InetAddresses] Adding loopback multicast interface 802.11n USB Wireless LAN Card-WFP LightWeight Filter-0000
22:48:40.064 [DEBUG] [org.gradle.internal.remote.internal.inet.TcpIncomingConnector] Listening on [a75b2e12-8e50-410a-9790-5ebf8a86aefa port:51699, addresses:[/127.0.0.1, /0:0:0:0:0:0:0:1]].
22:48:40.066 [DEBUG] [org.gradle.launcher.daemon.server.Daemon] Daemon starting at: Sun Oct 22 22:48:40 CST 2017, with address: [a75b2e12-8e50-410a-9790-5ebf8a86aefa port:51699, addresses:[/127.0.0.1, /0:0:0:0:0:0:0:1]]
22:48:40.066 [INFO] [org.gradle.launcher.daemon.server.DaemonRegistryUpdater] Advertising the daemon address to the clients: [a75b2e12-8e50-410a-9790-5ebf8a86aefa port:51699, addresses:[/127.0.0.1, /0:0:0:0:0:0:0:1]]
22:48:40.066 [DEBUG] [org.gradle.launcher.daemon.server.DaemonRegistryUpdater] Advertised daemon context: DefaultDaemonContext[uid=3a66f2d0-5694-4ae1-bfd0-5f9bbae0fa32,javaHome=D:\JetBrains\IntelliJ IDEA 2017.2.4\jre64,daemonRegistryDir=C:\Users\liuqingbo\.gradle\daemon,pid=2172,idleTimeout=10800000,daemonOpts=-XX:MaxPermSize=256m,-XX:+HeapDumpOnOutOfMemoryError,-Xmx1024m,-Dfile.encoding=GBK,-Duser.country=CN,-Duser.language=zh,-Duser.variant]
22:48:40.067 [DEBUG] [org.gradle.launcher.daemon.registry.PersistentDaemonRegistry] Storing daemon address: [a75b2e12-8e50-410a-9790-5ebf8a86aefa port:51699, addresses:[/127.0.0.1, /0:0:0:0:0:0:0:1]], context: DefaultDaemonContext[uid=3a66f2d0-5694-4ae1-bfd0-5f9bbae0fa32,javaHome=D:\JetBrains\IntelliJ IDEA 2017.2.4\jre64,daemonRegistryDir=C:\Users\liuqingbo\.gradle\daemon,pid=2172,idleTimeout=10800000,daemonOpts=-XX:MaxPermSize=256m,-XX:+HeapDumpOnOutOfMemoryError,-Xmx1024m,-Dfile.encoding=GBK,-Duser.country=CN,-Duser.language=zh,-Duser.variant]
22:48:40.074 [DEBUG] [org.gradle.cache.internal.DefaultFileLockManager] Waiting to acquire exclusive lock on daemon addresses registry.
22:48:40.075 [DEBUG] [org.gradle.cache.internal.DefaultFileLockManager] Lock acquired on daemon addresses registry.
22:48:40.114 [DEBUG] [org.gradle.cache.internal.DefaultFileLockManager] Releasing lock on daemon addresses registry.
22:48:40.116 [LIFECYCLE] [org.gradle.launcher.daemon.server.Daemon] Daemon server started.
22:48:40.117 [DEBUG] [org.gradle.launcher.daemon.bootstrap.DaemonStartupCommunication] Completed writing the daemon greeting. Closing streams...
22:48:40.123 [DEBUG] [org.gradle.internal.remote.internal.inet.TcpIncomingConnector] Accepted connection from /127.0.0.1:51700 to /127.0.0.1:51699.
22:48:40.124 [DEBUG] [org.gradle.launcher.daemon.server.Daemon] stopOnExpiration() called on daemon
22:48:40.125 [DEBUG] [org.gradle.launcher.daemon.server.Daemon] awaitExpiration() called on daemon
22:48:40.125 [DEBUG] [org.gradle.launcher.daemon.server.DaemonStateCoordinator] daemon is running. Sleeping until state changes.
22:48:40.173 [DEBUG] [org.gradle.launcher.daemon.server.SynchronizedDispatchConnection] thread 16: received class org.gradle.launcher.daemon.protocol.Build
22:48:40.173 [DEBUG] [org.gradle.launcher.daemon.server.DefaultDaemonConnection] thread 16: Received non-IO message from client: Build{id=591a38be-7689-4261-8d1f-2ea8b5fc6c97.1, currentDir=E:\v1\code\caimi_project\cp_lottery\02code\branches\branch_01}
22:48:40.174 [INFO] [org.gradle.launcher.daemon.server.DefaultIncomingConnectionHandler] Received command: Build{id=591a38be-7689-4261-8d1f-2ea8b5fc6c97.1, currentDir=E:\v1\code\caimi_project\cp_lottery\02code\branches\branch_01}.
22:48:40.174 [DEBUG] [org.gradle.launcher.daemon.server.DefaultIncomingConnectionHandler] Starting executing command: Build{id=591a38be-7689-4261-8d1f-2ea8b5fc6c97.1, currentDir=E:\v1\code\caimi_project\cp_lottery\02code\branches\branch_01} with connection: socket connection from /127.0.0.1:51699 to /127.0.0.1:51700.
22:48:40.176 [ERROR] [org.gradle.launcher.daemon.server.DaemonStateCoordinator] Command execution: started DaemonCommandExecution[command = Build{id=591a38be-7689-4261-8d1f-2ea8b5fc6c97.1, currentDir=E:\v1\code\caimi_project\cp_lottery\02code\branches\branch_01}, connection = DefaultDaemonConnection: socket connection from /127.0.0.1:51699 to /127.0.0.1:51700] after 0.0 minutes of idle
22:48:40.176 [INFO] [org.gradle.launcher.daemon.server.DaemonRegistryUpdater] Marking the daemon as busy, address: [a75b2e12-8e50-410a-9790-5ebf8a86aefa port:51699, addresses:[/127.0.0.1, /0:0:0:0:0:0:0:1]]
22:48:40.176 [DEBUG] [org.gradle.launcher.daemon.registry.PersistentDaemonRegistry] Marking busy by address: [a75b2e12-8e50-410a-9790-5ebf8a86aefa port:51699, addresses:[/127.0.0.1, /0:0:0:0:0:0:0:1]]
22:48:40.177 [DEBUG] [org.gradle.cache.internal.DefaultFileLockManager] Waiting to acquire exclusive lock on daemon addresses registry.
22:48:40.178 [DEBUG] [org.gradle.cache.internal.DefaultFileLockManager] Lock acquired on daemon addresses registry.
22:48:40.180 [DEBUG] [org.gradle.cache.internal.DefaultFileLockManager] Releasing lock on daemon addresses registry.
22:48:40.181 [DEBUG] [org.gradle.launcher.daemon.server.DaemonStateCoordinator] resetting idle timer
22:48:40.181 [DEBUG] [org.gradle.launcher.daemon.server.DaemonStateCoordinator] daemon is running. Sleeping until state changes.
22:48:40.181 [INFO] [org.gradle.launcher.daemon.server.exec.StartBuildOrRespondWithBusy] Daemon is about to start building Build{id=591a38be-7689-4261-8d1f-2ea8b5fc6c97.1, currentDir=E:\v1\code\caimi_project\cp_lottery\02code\branches\branch_01}. Dispatching build started information...
22:48:40.182 [DEBUG] [org.gradle.launcher.daemon.server.SynchronizedDispatchConnection] thread 18: dispatching class org.gradle.launcher.daemon.protocol.BuildStarted
22:48:40.184 [DEBUG] [org.gradle.launcher.daemon.server.exec.EstablishBuildEnvironment] Configuring env variables: {LOCALAPPDATA=C:\Users\liuqingbo\AppData\Local, PROCESSOR_LEVEL=6, FP_NO_HOST_CHECK=NO, USERDOMAIN=liuqingbo-PC, LOGONSERVER=\\LIUQINGBO-PC, JAVA_HOME=C:\Program Files\Java\jdk1.7.0_79, ALLUSERSPROFILE=C:\ProgramData, PROCESSOR_ARCHITECTURE=AMD64, GRADLE_HOME=D:\gradle-3.5.1, PSModulePath=C:\Windows\system32\WindowsPowerShell\v1.0\Modules\;C:\Program Files\Intel\;C:\Program Files\Intel\Wired Networking\, SystemDrive=C:, APPDATA=C:\Users\liuqingbo\AppData\Roaming, USERNAME=liuqingbo, ProgramFiles(x86)=C:\Program Files (x86), Path=C:\ProgramData\Oracle\Java\javapath;C:\Program Files (x86)\Intel\iCLS Client\;C:\Program Files\Intel\iCLS Client\;D:\app\liuqingbo\product\11.2.0\dbhome_1\bin;C:\Windows\system32;C:\Windows;C:\Windows\System32\Wbem;C:\Windows\System32\WindowsPowerShell\v1.0\;C:\Program Files (x86)\Intel\Intel(R) Management Engine Components\DAL;C:\Program Files\Intel\Intel(R) Management Engine Components\DAL;C:\Program Files (x86)\Intel\Intel(R) Management Engine Components\IPT;C:\Program Files\Intel\Intel(R) Management Engine Components\IPT;C:\Program Files\TortoiseSVN\bin;D:\Program Files (x86)\UltraEdit;D:\gradle-3.5.1\bin;D:\apache-maven-3.3.3\bin;C:\Program Files\Java\jdk1.7.0_79\bin;D:\Program Files\Git\cmd;D:\Program Files (x86)\SSH Secure Shell, CommonProgramFiles=C:\Program Files\Common Files, PATHEXT=.COM;.EXE;.BAT;.CMD;.VBS;.VBE;.JS;.JSE;.WSF;.WSH;.MSC, OS=Windows_NT, COMPUTERNAME=LIUQINGBO-PC, PROCESSOR_REVISION=9e09, CommonProgramW6432=C:\Program Files\Common Files, ComSpec=C:\Windows\system32\cmd.exe, ProgramData=C:\ProgramData, ProgramW6432=C:\Program Files, TEMP=C:\Users\LIUQIN~1\AppData\Local\Temp, SystemRoot=C:\Windows, HOMEPATH=\Users\liuqingbo, HOMEDRIVE=C:, PROCESSOR_IDENTIFIER=Intel64 Family 6 Model 158 Stepping 9, GenuineIntel, USERPROFILE=C:\Users\liuqingbo, TMP=C:\Users\LIUQIN~1\AppData\Local\Temp, M2_HOME=D:\apache-maven-3.3.3, CommonProgramFiles(x86)=C:\Program Files (x86)\Common Files, ProgramFiles=C:\Program Files, PUBLIC=C:\Users\Public, NUMBER_OF_PROCESSORS=4, windir=C:\Windows, =::=::\}
22:48:40.189 [DEBUG] [org.gradle.launcher.daemon.server.SynchronizedDispatchConnection] thread 16: received class org.gradle.launcher.daemon.protocol.CloseInput
22:48:40.189 [DEBUG] [org.gradle.launcher.daemon.server.DefaultDaemonConnection] thread 16: Received IO message from client: org.gradle.launcher.daemon.protocol.CloseInput@34c5ea99
22:48:40.191 [DEBUG] [org.gradle.launcher.daemon.server.exec.LogToClient] About to start relaying all logs to the client via the connection.
22:48:40.191 [INFO] [org.gradle.launcher.daemon.server.exec.LogToClient] The client will now receive all logging from the daemon (pid: 2172). The daemon log file: C:\Users\liuqingbo\.gradle\daemon\3.5.1\daemon-2172.out.log
22:48:40.193 [INFO] [org.gradle.launcher.daemon.server.exec.LogAndCheckHealth] Starting build in new daemon [memory: 954.7 MB]
22:48:40.195 [INFO] [org.gradle.launcher.daemon.server.exec.ForwardClientInput] Closing daemon's stdin at end of input.
22:48:40.195 [INFO] [org.gradle.launcher.daemon.server.exec.ForwardClientInput] The daemon will no longer process any standard input.
22:48:40.196 [DEBUG] [org.gradle.launcher.daemon.server.exec.ExecuteBuild] The daemon has started executing the build.
22:48:40.196 [INFO] [org.gradle.launcher.daemon.server.exec.ExecuteBuild] Executing build with daemon context: DefaultDaemonContext[uid=3a66f2d0-5694-4ae1-bfd0-5f9bbae0fa32,javaHome=D:\JetBrains\IntelliJ IDEA 2017.2.4\jre64,daemonRegistryDir=C:\Users\liuqingbo\.gradle\daemon,pid=2172,idleTimeout=10800000,daemonOpts=-XX:MaxPermSize=256m,-XX:+HeapDumpOnOutOfMemoryError,-Xmx1024m,-Dfile.encoding=GBK,-Duser.country=CN,-Duser.language=zh,-Duser.variant]
22:48:40.309 [INFO] [org.gradle.cache.internal.DefaultCacheAccess] Creating new cache for fileHashes, path C:\Users\liuqingbo\.gradle\caches\3.5.1\fileHashes\fileHashes.bin, access org.gradle.cache.internal.DefaultCacheAccess@1c5525b0
22:48:40.313 [DEBUG] [org.gradle.api.internal.changedetection.state.InMemoryCacheDecoratorFactory] Creating in-memory store for cache C:\Users\liuqingbo\.gradle\caches\3.5.1\fileHashes\fileHashes.bin (max size: 400000)
22:48:40.314 [DEBUG] [org.gradle.cache.internal.LockOnDemandCrossProcessCacheAccess] Acquiring file lock for file hash cache (C:\Users\liuqingbo\.gradle\caches\3.5.1\fileHashes)
22:48:40.315 [DEBUG] [org.gradle.cache.internal.DefaultFileLockManager] Waiting to acquire exclusive lock on file hash cache (C:\Users\liuqingbo\.gradle\caches\3.5.1\fileHashes).
22:48:40.315 [DEBUG] [org.gradle.cache.internal.DefaultFileLockManager] The file lock is held by a different Gradle process (pid: 4200, operation: ). Will attempt to ping owner at port 57491
22:48:40.516 [DEBUG] [org.gradle.cache.internal.DefaultFileLockManager] Lock acquired on file hash cache (C:\Users\liuqingbo\.gradle\caches\3.5.1\fileHashes).
22:48:40.517 [DEBUG] [org.gradle.cache.internal.locklistener.DefaultFileLockContentionHandler] Starting file lock listener thread.
22:48:40.518 [INFO] [org.gradle.cache.internal.DefaultCacheAccess] Creating new cache for jvmRuntimeClassSignatures, path C:\Users\liuqingbo\.gradle\caches\3.5.1\fileHashes\jvmRuntimeClassSignatures.bin, access org.gradle.cache.internal.DefaultCacheAccess@1c5525b0
22:48:40.518 [DEBUG] [org.gradle.api.internal.changedetection.state.InMemoryCacheDecoratorFactory] Creating in-memory store for cache C:\Users\liuqingbo\.gradle\caches\3.5.1\fileHashes\jvmRuntimeClassSignatures.bin (max size: 400000)
22:48:40.573 [INFO] [org.gradle.cache.internal.DefaultCacheAccess] Creating new cache for plugin-use-metadata, path C:\Users\liuqingbo\.gradle\caches\3.5.1\plugin-resolution\plugin-use-metadata.bin, access org.gradle.cache.internal.DefaultCacheAccess@677dd89d
22:48:40.574 [INFO] [org.gradle.cache.internal.DefaultCacheAccess] Creating new cache for client-status, path C:\Users\liuqingbo\.gradle\caches\3.5.1\plugin-resolution\client-status.bin, access org.gradle.cache.internal.DefaultCacheAccess@677dd89d
Repository file:/C:/Users/liuqingbo/.m2/repository/ removed. Only http://localhost:8081/nexus/content/groups/public/ is allowed
Repository https://repo1.maven.org/maven2/ removed. Only http://localhost:8081/nexus/content/groups/public/ is allowed
Repository https://jcenter.bintray.com/ removed. Only http://localhost:8081/nexus/content/groups/public/ is allowed
Repository file:/C:/Users/liuqingbo/.m2/repository/ removed. Only http://localhost:8081/nexus/content/groups/public/ is allowed
Repository https://repo1.maven.org/maven2/ removed. Only http://localhost:8081/nexus/content/groups/public/ is allowed
Repository https://jcenter.bintray.com/ removed. Only http://localhost:8081/nexus/content/groups/public/ is allowed
Repository file:/C:/Users/liuqingbo/.m2/repository/ removed. Only http://localhost:8081/nexus/content/groups/public/ is allowed
Repository https://repo1.maven.org/maven2/ removed. Only http://localhost:8081/nexus/content/groups/public/ is allowed
Repository https://jcenter.bintray.com/ removed. Only http://localhost:8081/nexus/content/groups/public/ is allowed
Repository file:/C:/Users/liuqingbo/.m2/repository/ removed. Only http://localhost:8081/nexus/content/groups/public/ is allowed
Repository https://repo1.maven.org/maven2/ removed. Only http://localhost:8081/nexus/content/groups/public/ is allowed
Repository https://jcenter.bintray.com/ removed. Only http://localhost:8081/nexus/content/groups/public/ is allowed
Repository file:/C:/Users/liuqingbo/.m2/repository/ removed. Only http://localhost:8081/nexus/content/groups/public/ is allowed
Repository https://repo1.maven.org/maven2/ removed. Only http://localhost:8081/nexus/content/groups/public/ is allowed
Repository https://jcenter.bintray.com/ removed. Only http://localhost:8081/nexus/content/groups/public/ is allowed
Repository file:/C:/Users/liuqingbo/.m2/repository/ removed. Only http://localhost:8081/nexus/content/groups/public/ is allowed
Repository https://repo1.maven.org/maven2/ removed. Only http://localhost:8081/nexus/content/groups/public/ is allowed
Repository https://jcenter.bintray.com/ removed. Only http://localhost:8081/nexus/content/groups/public/ is allowed
Repository file:/C:/Users/liuqingbo/.m2/repository/ removed. Only http://localhost:8081/nexus/content/groups/public/ is allowed
Repository https://repo1.maven.org/maven2/ removed. Only http://localhost:8081/nexus/content/groups/public/ is allowed
Repository https://jcenter.bintray.com/ removed. Only http://localhost:8081/nexus/content/groups/public/ is allowed
Repository file:/C:/Users/liuqingbo/.m2/repository/ removed. Only http://localhost:8081/nexus/content/groups/public/ is allowed
Repository https://repo1.maven.org/maven2/ removed. Only http://localhost:8081/nexus/content/groups/public/ is allowed
Repository https://jcenter.bintray.com/ removed. Only http://localhost:8081/nexus/content/groups/public/ is allowed
Repository file:/C:/Users/liuqingbo/.m2/repository/ removed. Only http://localhost:8081/nexus/content/groups/public/ is allowed
Repository https://repo1.maven.org/maven2/ removed. Only http://localhost:8081/nexus/content/groups/public/ is allowed
Repository https://jcenter.bintray.com/ removed. Only http://localhost:8081/nexus/content/groups/public/ is allowed
Repository file:/C:/Users/liuqingbo/.m2/repository/ removed. Only http://localhost:8081/nexus/content/groups/public/ is allowed
Repository https://repo1.maven.org/maven2/ removed. Only http://localhost:8081/nexus/content/groups/public/ is allowed
Repository https://jcenter.bintray.com/ removed. Only http://localhost:8081/nexus/content/groups/public/ is allowed
Repository file:/C:/Users/liuqingbo/.m2/repository/ removed. Only http://localhost:8081/nexus/content/groups/public/ is allowed
Repository https://repo1.maven.org/maven2/ removed. Only http://localhost:8081/nexus/content/groups/public/ is allowed
Repository https://jcenter.bintray.com/ removed. Only http://localhost:8081/nexus/content/groups/public/ is allowed
Repository file:/C:/Users/liuqingbo/.m2/repository/ removed. Only http://localhost:8081/nexus/content/groups/public/ is allowed
Repository https://repo1.maven.org/maven2/ removed. Only http://localhost:8081/nexus/content/groups/public/ is allowed
Repository https://jcenter.bintray.com/ removed. Only http://localhost:8081/nexus/content/groups/public/ is allowed
Repository file:/C:/Users/liuqingbo/.m2/repository/ removed. Only http://localhost:8081/nexus/content/groups/public/ is allowed
Repository https://repo1.maven.org/maven2/ removed. Only http://localhost:8081/nexus/content/groups/public/ is allowed
Repository https://jcenter.bintray.com/ removed. Only http://localhost:8081/nexus/content/groups/public/ is allowed
Repository file:/C:/Users/liuqingbo/.m2/repository/ removed. Only http://localhost:8081/nexus/content/groups/public/ is allowed
Repository https://repo1.maven.org/maven2/ removed. Only http://localhost:8081/nexus/content/groups/public/ is allowed
Repository https://jcenter.bintray.com/ removed. Only http://localhost:8081/nexus/content/groups/public/ is allowed
Repository file:/C:/Users/liuqingbo/.m2/repository/ removed. Only http://localhost:8081/nexus/content/groups/public/ is allowed
Repository https://repo1.maven.org/maven2/ removed. Only http://localhost:8081/nexus/content/groups/public/ is allowed
Repository https://jcenter.bintray.com/ removed. Only http://localhost:8081/nexus/content/groups/public/ is allowed
Repository file:/C:/Users/liuqingbo/.m2/repository/ removed. Only http://localhost:8081/nexus/content/groups/public/ is allowed
Repository https://repo1.maven.org/maven2/ removed. Only http://localhost:8081/nexus/content/groups/public/ is allowed
Repository https://jcenter.bintray.com/ removed. Only http://localhost:8081/nexus/content/groups/public/ is allowed
Repository file:/C:/Users/liuqingbo/.m2/repository/ removed. Only http://localhost:8081/nexus/content/groups/public/ is allowed
Repository https://repo1.maven.org/maven2/ removed. Only http://localhost:8081/nexus/content/groups/public/ is allowed
Repository https://jcenter.bintray.com/ removed. Only http://localhost:8081/nexus/content/groups/public/ is allowed
Repository file:/C:/Users/liuqingbo/.m2/repository/ removed. Only http://localhost:8081/nexus/content/groups/public/ is allowed
Repository https://repo1.maven.org/maven2/ removed. Only http://localhost:8081/nexus/content/groups/public/ is allowed
Repository https://jcenter.bintray.com/ removed. Only http://localhost:8081/nexus/content/groups/public/ is allowed
Repository file:/C:/Users/liuqingbo/.m2/repository/ removed. Only http://localhost:8081/nexus/content/groups/public/ is allowed
Repository https://repo1.maven.org/maven2/ removed. Only http://localhost:8081/nexus/content/groups/public/ is allowed
Repository https://jcenter.bintray.com/ removed. Only http://localhost:8081/nexus/content/groups/public/ is allowed
Repository file:/C:/Users/liuqingbo/.m2/repository/ removed. Only http://localhost:8081/nexus/content/groups/public/ is allowed
Repository https://repo1.maven.org/maven2/ removed. Only http://localhost:8081/nexus/content/groups/public/ is allowed
Repository https://jcenter.bintray.com/ removed. Only http://localhost:8081/nexus/content/groups/public/ is allowed
Repository file:/C:/Users/liuqingbo/.m2/repository/ removed. Only http://localhost:8081/nexus/content/groups/public/ is allowed
Repository https://repo1.maven.org/maven2/ removed. Only http://localhost:8081/nexus/content/groups/public/ is allowed
Repository https://jcenter.bintray.com/ removed. Only http://localhost:8081/nexus/content/groups/public/ is allowed
Repository file:/C:/Users/liuqingbo/.m2/repository/ removed. Only http://localhost:8081/nexus/content/groups/public/ is allowed
Repository https://repo1.maven.org/maven2/ removed. Only http://localhost:8081/nexus/content/groups/public/ is allowed
Repository https://jcenter.bintray.com/ removed. Only http://localhost:8081/nexus/content/groups/public/ is allowed
Repository file:/C:/Users/liuqingbo/.m2/repository/ removed. Only http://localhost:8081/nexus/content/groups/public/ is allowed
Repository https://repo1.maven.org/maven2/ removed. Only http://localhost:8081/nexus/content/groups/public/ is allowed
Repository https://jcenter.bintray.com/ removed. Only http://localhost:8081/nexus/content/groups/public/ is allowed
Repository file:/C:/Users/liuqingbo/.m2/repository/ removed. Only http://localhost:8081/nexus/content/groups/public/ is allowed
Repository https://repo1.maven.org/maven2/ removed. Only http://localhost:8081/nexus/content/groups/public/ is allowed
Repository https://jcenter.bintray.com/ removed. Only http://localhost:8081/nexus/content/groups/public/ is allowed
Repository file:/C:/Users/liuqingbo/.m2/repository/ removed. Only http://localhost:8081/nexus/content/groups/public/ is allowed
Repository https://repo1.maven.org/maven2/ removed. Only http://localhost:8081/nexus/content/groups/public/ is allowed
Repository https://jcenter.bintray.com/ removed. Only http://localhost:8081/nexus/content/groups/public/ is allowed
Repository file:/C:/Users/liuqingbo/.m2/repository/ removed. Only http://localhost:8081/nexus/content/groups/public/ is allowed
Repository https://repo1.maven.org/maven2/ removed. Only http://localhost:8081/nexus/content/groups/public/ is allowed
Repository https://jcenter.bintray.com/ removed. Only http://localhost:8081/nexus/content/groups/public/ is allowed
Repository file:/C:/Users/liuqingbo/.m2/repository/ removed. Only http://localhost:8081/nexus/content/groups/public/ is allowed
Repository https://repo1.maven.org/maven2/ removed. Only http://localhost:8081/nexus/content/groups/public/ is allowed
Repository https://jcenter.bintray.com/ removed. Only http://localhost:8081/nexus/content/groups/public/ is allowed
The executable property on ForkOptions has been deprecated and is scheduled to be removed in Gradle 5.0. Please use javaHome instead.
	at build_4ndj199zaxexp4te5rae9nudu$_run_closure3$_closure5.doCall(E:\v1\code\caimi_project\cp_lottery\02code\branches\branch_01\build.gradle:38)

FAILURE: Build failed with an exception.

* Where:
Build file 'E:\v1\code\caimi_project\cp_lottery\02code\branches\branch_01\lotfilter-distributor\lotfilter-distributor.gradle' line: 3

* What went wrong:
A problem occurred evaluating project ':lotfilter-distributor'.
> lotfilter_distributor_a7rs6d6jaduxvc04juai159jp$_run_closure1$_closure7$_closure8

* Try:
Run with --stacktrace option to get the stack trace. Run with --info or --debug option to get more log output.

CONFIGURE FAILED

Total time: 16.976 secs
22:48:54.314 [DEBUG] [org.gradle.cache.internal.LockOnDemandCrossProcessCacheAccess] Releasing file lock for task history cache (E:\v1\code\caimi_project\cp_lottery\02code\branches\branch_01\.gradle\3.5.1\taskHistory)
22:48:54.314 [DEBUG] [org.gradle.cache.internal.DefaultFileLockManager] Releasing lock on task history cache (E:\v1\code\caimi_project\cp_lottery\02code\branches\branch_01\.gradle\3.5.1\taskHistory).
22:48:57.762 [DEBUG] [org.gradle.process.internal.health.memory.MemoryManager] Emitting OS memory status event {Total: 8454565888, Free: 2587725824}
22:48:57.762 [DEBUG] [org.gradle.launcher.daemon.server.health.LowMemoryDaemonExpirationStrategy] Received memory status update: {Total: 8454565888, Free: 2587725824}
22:48:57.763 [DEBUG] [org.gradle.process.internal.health.memory.MemoryManager] Emitting JVM memory status event {Maximum: 954728448, Committed: 256901120}
22:48:57.874 [DEBUG] [org.gradle.api.internal.artifacts.ivyservice.resolveengine.store.CachedStoreFactory] Resolution result cache closed. Cache reads: 0, disk reads: 0 (avg: 0.0 secs, total: 0.0 secs)
22:48:57.884 [DEBUG] [org.gradle.api.internal.artifacts.ivyservice.resolveengine.store.CachedStoreFactory] Resolution result cache closed. Cache reads: 0, disk reads: 0 (avg: 0.0 secs, total: 0.0 secs)
22:48:57.885 [DEBUG] [org.gradle.api.internal.artifacts.ivyservice.resolveengine.store.ResolutionResultsStoreFactory] Deleted 2 resolution results binary files in 0.018 secs
22:48:57.885 [DEBUG] [org.gradle.cache.internal.DefaultCacheAccess] Cache Plugin Resolution Cache (C:\Users\liuqingbo\.gradle\caches\3.5.1\plugin-resolution) was closed 0 times.
22:48:57.886 [DEBUG] [org.gradle.workers.internal.WorkerDaemonManager] Stopping 0 worker daemon(s).
22:48:57.887 [INFO] [org.gradle.workers.internal.WorkerDaemonManager] Stopped 0 worker daemon(s).
22:48:57.887 [DEBUG] [org.gradle.deployment.internal.DefaultDeploymentRegistry] Stopping 0 deployment handles
22:48:57.887 [DEBUG] [org.gradle.deployment.internal.DefaultDeploymentRegistry] Stopped deployment handles
22:48:57.888 [DEBUG] [org.gradle.cache.internal.DefaultCacheAccess] Cache Generated Gradle JARs cache (C:\Users\liuqingbo\.gradle\caches\3.5.1\generated-gradle-jars) was closed 0 times.
22:48:57.888 [DEBUG] [org.gradle.cache.internal.LockOnDemandCrossProcessCacheAccess] Releasing file lock for artifact cache (C:\Users\liuqingbo\.gradle\caches\modules-2)
22:48:57.889 [DEBUG] [org.gradle.cache.internal.btree.BTreePersistentIndexedCache] Closing cache artifact-at-repository.bin (C:\Users\liuqingbo\.gradle\caches\modules-2\metadata-2.23\artifact-at-repository.bin)
22:48:57.891 [DEBUG] [org.gradle.cache.internal.btree.BTreePersistentIndexedCache] Closing cache module-metadata.bin (C:\Users\liuqingbo\.gradle\caches\modules-2\metadata-2.23\module-metadata.bin)
22:48:57.892 [DEBUG] [org.gradle.cache.internal.btree.BTreePersistentIndexedCache] Closing cache artifact-at-url.bin (C:\Users\liuqingbo\.gradle\caches\modules-2\metadata-2.23\artifact-at-url.bin)
22:48:57.892 [DEBUG] [org.gradle.cache.internal.DefaultFileLockManager] Releasing lock on artifact cache (C:\Users\liuqingbo\.gradle\caches\modules-2).
22:48:57.895 [DEBUG] [org.gradle.launcher.daemon.server.exec.ExecuteBuild] The daemon has finished executing the build.
22:48:57.902 [DEBUG] [org.gradle.launcher.daemon.server.DaemonStateCoordinator] daemon is running. Sleeping until state changes.
22:48:57.902 [DEBUG] [org.gradle.launcher.daemon.server.DaemonStateCoordinator] Command execution: finished waiting for DaemonCommandExecution[command = Build{id=591a38be-7689-4261-8d1f-2ea8b5fc6c97.1, currentDir=E:\v1\code\caimi_project\cp_lottery\02code\branches\branch_01}, connection = DefaultDaemonConnection: socket connection from /127.0.0.1:51699 to /127.0.0.1:51700]. Result org.gradle.launcher.daemon.server.DaemonStateCoordinator@2c458626 with state Busy
22:48:57.902 [DEBUG] [org.gradle.launcher.daemon.server.DaemonStateCoordinator] Command execution: completed DaemonCommandExecution[command = Build{id=591a38be-7689-4261-8d1f-2ea8b5fc6c97.1, currentDir=E:\v1\code\caimi_project\cp_lottery\02code\branches\branch_01}, connection = DefaultDaemonConnection: socket connection from /127.0.0.1:51699 to /127.0.0.1:51700]
22:48:57.902 [DEBUG] [org.gradle.launcher.daemon.server.DaemonStateCoordinator] resetting idle timer
22:48:57.902 [INFO] [org.gradle.launcher.daemon.server.DaemonRegistryUpdater] Marking the daemon as idle, address: [a75b2e12-8e50-410a-9790-5ebf8a86aefa port:51699, addresses:[/127.0.0.1, /0:0:0:0:0:0:0:1]]
22:48:57.903 [DEBUG] [org.gradle.launcher.daemon.registry.PersistentDaemonRegistry] Marking busy by address: [a75b2e12-8e50-410a-9790-5ebf8a86aefa port:51699, addresses:[/127.0.0.1, /0:0:0:0:0:0:0:1]]
22:48:57.903 [DEBUG] [org.gradle.cache.internal.DefaultFileLockManager] Waiting to acquire exclusive lock on daemon addresses registry.
22:48:57.905 [DEBUG] [org.gradle.cache.internal.DefaultFileLockManager] Lock acquired on daemon addresses registry.
22:48:57.907 [DEBUG] [org.gradle.cache.internal.DefaultFileLockManager] Releasing lock on daemon addresses registry.
22:48:57.909 [DEBUG] [org.gradle.launcher.daemon.server.DaemonStateCoordinator] daemon is running. Sleeping until state changes.
22:48:57.909 [DEBUG] [org.gradle.launcher.daemon.server.exec.ReturnResult] Daemon is dispatching the build result: Failure[value=org.gradle.initialization.ReportedException: org.gradle.internal.exceptions.LocationAwareException: Build file 'E:\v1\code\caimi_project\cp_lottery\02code\branches\branch_01\lotfilter-distributor\lotfilter-distributor.gradle' line: 3
A problem occurred evaluating project ':lotfilter-distributor'.]
22:48:57.909 [DEBUG] [org.gradle.launcher.daemon.server.SynchronizedDispatchConnection] thread 15: dispatching class org.gradle.launcher.daemon.protocol.Failure
22:48:57.925 [DEBUG] [org.gradle.launcher.daemon.server.DefaultIncomingConnectionHandler] Finishing executing command: Build{id=591a38be-7689-4261-8d1f-2ea8b5fc6c97.1, currentDir=E:\v1\code\caimi_project\cp_lottery\02code\branches\branch_01}
22:48:57.930 [DEBUG] [org.gradle.launcher.daemon.server.SynchronizedDispatchConnection] thread 16: received class org.gradle.launcher.daemon.protocol.Finished
22:48:57.931 [DEBUG] [org.gradle.launcher.daemon.server.DefaultDaemonConnection] thread 16: Received non-IO message from client: org.gradle.launcher.daemon.protocol.Finished@4cf3c29b
22:48:57.931 [DEBUG] [org.gradle.internal.remote.internal.inet.SocketConnection] Discarding EOFException: java.io.EOFException
22:48:57.931 [DEBUG] [org.gradle.launcher.daemon.server.SynchronizedDispatchConnection] thread 16: received null
22:48:57.931 [DEBUG] [org.gradle.launcher.daemon.server.DefaultDaemonConnection] thread 16: Received end-of-input from client.
22:48:57.932 [DEBUG] [org.gradle.launcher.daemon.server.DefaultIncomingConnectionHandler] Received finished message: null
22:48:57.932 [DEBUG] [org.gradle.launcher.daemon.server.SynchronizedDispatchConnection] thread 15: stopping connection
22:48:57.933 [DEBUG] [org.gradle.launcher.daemon.server.SynchronizedDispatchConnection] thread 15: stopping connection
22:49:00.126 [DEBUG] [org.gradle.launcher.daemon.server.Daemon] DaemonExpirationPeriodicCheck running
22:49:00.126 [DEBUG] [org.gradle.cache.internal.DefaultFileLockManager] Waiting to acquire shared lock on daemon addresses registry.
22:49:00.126 [DEBUG] [org.gradle.cache.internal.DefaultFileLockManager] Lock acquired on daemon addresses registry.
22:49:00.126 [DEBUG] [org.gradle.cache.internal.DefaultFileLockManager] Releasing lock on daemon addresses registry.
22:49:00.127 [DEBUG] [org.gradle.cache.internal.DefaultFileLockManager] Waiting to acquire shared lock on daemon addresses registry.
22:49:00.127 [DEBUG] [org.gradle.cache.internal.DefaultFileLockManager] Lock acquired on daemon addresses registry.
22:49:00.128 [DEBUG] [org.gradle.cache.internal.DefaultFileLockManager] Releasing lock on daemon addresses registry.
22:49:02.762 [DEBUG] [org.gradle.process.internal.health.memory.MemoryManager] Emitting OS memory status event {Total: 8454565888, Free: 2624733184}
22:49:02.762 [DEBUG] [org.gradle.launcher.daemon.server.health.LowMemoryDaemonExpirationStrategy] Received memory status update: {Total: 8454565888, Free: 2624733184}
22:49:02.762 [DEBUG] [org.gradle.process.internal.health.memory.MemoryManager] Emitting JVM memory status event {Maximum: 954728448, Committed: 256901120}
22:49:07.762 [DEBUG] [org.gradle.process.internal.health.memory.MemoryManager] Emitting OS memory status event {Total: 8454565888, Free: 2617524224}
22:49:07.762 [DEBUG] [org.gradle.launcher.daemon.server.health.LowMemoryDaemonExpirationStrategy] Received memory status update: {Total: 8454565888, Free: 2617524224}
22:49:07.763 [DEBUG] [org.gradle.process.internal.health.memory.MemoryManager] Emitting JVM memory status event {Maximum: 954728448, Committed: 256901120}
22:49:10.127 [DEBUG] [org.gradle.launcher.daemon.server.Daemon] DaemonExpirationPeriodicCheck running
22:49:10.127 [DEBUG] [org.gradle.cache.internal.DefaultFileLockManager] Waiting to acquire shared lock on daemon addresses registry.
22:49:10.127 [DEBUG] [org.gradle.cache.internal.DefaultFileLockManager] Lock acquired on daemon addresses registry.
22:49:10.128 [DEBUG] [org.gradle.cache.internal.DefaultFileLockManager] Releasing lock on daemon addresses registry.
22:49:10.128 [DEBUG] [org.gradle.cache.internal.DefaultFileLockManager] Waiting to acquire shared lock on daemon addresses registry.
22:49:10.128 [DEBUG] [org.gradle.cache.internal.DefaultFileLockManager] Lock acquired on daemon addresses registry.
22:49:10.128 [DEBUG] [org.gradle.cache.internal.DefaultFileLockManager] Releasing lock on daemon addresses registry.
22:49:10.129 [DEBUG] [org.gradle.cache.internal.DefaultFileLockManager] Waiting to acquire shared lock on daemon addresses registry.
22:49:10.129 [DEBUG] [org.gradle.cache.internal.DefaultFileLockManager] Lock acquired on daemon addresses registry.
22:49:10.129 [DEBUG] [org.gradle.cache.internal.DefaultFileLockManager] Releasing lock on daemon addresses registry.
22:49:12.762 [DEBUG] [org.gradle.process.internal.health.memory.MemoryManager] Emitting OS memory status event {Total: 8454565888, Free: 2633809920}
22:49:12.762 [DEBUG] [org.gradle.launcher.daemon.server.health.LowMemoryDaemonExpirationStrategy] Received memory status update: {Total: 8454565888, Free: 2633809920}
22:49:12.762 [DEBUG] [org.gradle.process.internal.health.memory.MemoryManager] Emitting JVM memory status event {Maximum: 954728448, Committed: 256901120}
22:49:17.762 [DEBUG] [org.gradle.process.internal.health.memory.MemoryManager] Emitting OS memory status event {Total: 8454565888, Free: 2624155648}
22:49:17.762 [DEBUG] [org.gradle.launcher.daemon.server.health.LowMemoryDaemonExpirationStrategy] Received memory status update: {Total: 8454565888, Free: 2624155648}
22:49:17.762 [DEBUG] [org.gradle.process.internal.health.memory.MemoryManager] Emitting JVM memory status event {Maximum: 954728448, Committed: 256901120}
22:49:20.127 [DEBUG] [org.gradle.launcher.daemon.server.Daemon] DaemonExpirationPeriodicCheck running
22:49:20.127 [DEBUG] [org.gradle.cache.internal.DefaultFileLockManager] Waiting to acquire shared lock on daemon addresses registry.
22:49:20.127 [DEBUG] [org.gradle.cache.internal.DefaultFileLockManager] Lock acquired on daemon addresses registry.
22:49:20.127 [DEBUG] [org.gradle.cache.internal.DefaultFileLockManager] Releasing lock on daemon addresses registry.
22:49:20.128 [DEBUG] [org.gradle.cache.internal.DefaultFileLockManager] Waiting to acquire shared lock on daemon addresses registry.
22:49:20.128 [DEBUG] [org.gradle.cache.internal.DefaultFileLockManager] Lock acquired on daemon addresses registry.
22:49:20.128 [DEBUG] [org.gradle.cache.internal.DefaultFileLockManager] Releasing lock on daemon addresses registry.
22:49:20.129 [DEBUG] [org.gradle.cache.internal.DefaultFileLockManager] Waiting to acquire shared lock on daemon addresses registry.
22:49:20.129 [DEBUG] [org.gradle.cache.internal.DefaultFileLockManager] Lock acquired on daemon addresses registry.
22:49:20.129 [DEBUG] [org.gradle.cache.internal.DefaultFileLockManager] Releasing lock on daemon addresses registry.
22:49:22.763 [DEBUG] [org.gradle.process.internal.health.memory.MemoryManager] Emitting OS memory status event {Total: 8454565888, Free: 2606874624}
22:49:22.763 [DEBUG] [org.gradle.launcher.daemon.server.health.LowMemoryDaemonExpirationStrategy] Received memory status update: {Total: 8454565888, Free: 2606874624}
22:49:22.763 [DEBUG] [org.gradle.process.internal.health.memory.MemoryManager] Emitting JVM memory status event {Maximum: 954728448, Committed: 256901120}
22:49:27.763 [DEBUG] [org.gradle.process.internal.health.memory.MemoryManager] Emitting OS memory status event {Total: 8454565888, Free: 2597203968}
22:49:27.763 [DEBUG] [org.gradle.launcher.daemon.server.health.LowMemoryDaemonExpirationStrategy] Received memory status update: {Total: 8454565888, Free: 2597203968}
22:49:27.763 [DEBUG] [org.gradle.process.internal.health.memory.MemoryManager] Emitting JVM memory status event {Maximum: 954728448, Committed: 256901120}
22:49:30.127 [DEBUG] [org.gradle.launcher.daemon.server.Daemon] DaemonExpirationPeriodicCheck running
22:49:30.130 [DEBUG] [org.gradle.cache.internal.DefaultFileLockManager] Waiting to acquire shared lock on daemon addresses registry.
22:49:30.130 [DEBUG] [org.gradle.cache.internal.DefaultFileLockManager] Lock acquired on daemon addresses registry.
22:49:30.131 [DEBUG] [org.gradle.cache.internal.DefaultFileLockManager] Releasing lock on daemon addresses registry.
22:49:30.134 [DEBUG] [org.gradle.cache.internal.DefaultFileLockManager] Waiting to acquire shared lock on daemon addresses registry.
22:49:30.134 [DEBUG] [org.gradle.cache.internal.DefaultFileLockManager] Lock acquired on daemon addresses registry.
22:49:30.135 [DEBUG] [org.gradle.cache.internal.DefaultFileLockManager] Releasing lock on daemon addresses registry.
22:49:30.137 [DEBUG] [org.gradle.cache.internal.DefaultFileLockManager] Waiting to acquire shared lock on daemon addresses registry.
22:49:30.137 [DEBUG] [org.gradle.cache.internal.DefaultFileLockManager] Lock acquired on daemon addresses registry.
22:49:30.138 [DEBUG] [org.gradle.cache.internal.DefaultFileLockManager] Releasing lock on daemon addresses registry.
22:49:32.763 [DEBUG] [org.gradle.process.internal.health.memory.MemoryManager] Emitting OS memory status event {Total: 8454565888, Free: 2597769216}
22:49:32.763 [DEBUG] [org.gradle.launcher.daemon.server.health.LowMemoryDaemonExpirationStrategy] Received memory status update: {Total: 8454565888, Free: 2597769216}
22:49:32.763 [DEBUG] [org.gradle.process.internal.health.memory.MemoryManager] Emitting JVM memory status event {Maximum: 954728448, Committed: 256901120}
22:49:34.993 [DEBUG] [org.gradle.cache.internal.LockOnDemandCrossProcessCacheAccess] Lock on file hash cache (C:\Users\liuqingbo\.gradle\caches\3.5.1\fileHashes) requested by another process - releasing lock.
22:49:34.993 [DEBUG] [org.gradle.cache.internal.LockOnDemandCrossProcessCacheAccess] Releasing file lock for file hash cache (C:\Users\liuqingbo\.gradle\caches\3.5.1\fileHashes)
22:49:34.993 [DEBUG] [org.gradle.cache.internal.btree.BTreePersistentIndexedCache] Closing cache jvmRuntimeClassSignatures.bin (C:\Users\liuqingbo\.gradle\caches\3.5.1\fileHashes\jvmRuntimeClassSignatures.bin)
22:49:34.994 [DEBUG] [org.gradle.cache.internal.btree.BTreePersistentIndexedCache] Closing cache fileHashes.bin (C:\Users\liuqingbo\.gradle\caches\3.5.1\fileHashes\fileHashes.bin)
22:49:34.995 [DEBUG] [org.gradle.cache.internal.DefaultFileLockManager] Releasing lock on file hash cache (C:\Users\liuqingbo\.gradle\caches\3.5.1\fileHashes).
22:49:35.209 [DEBUG] [org.gradle.cache.internal.LockOnDemandCrossProcessCacheAccess] Lock on jars (C:\Users\liuqingbo\.gradle\caches\jars-3) requested by another process - releasing lock.
22:49:35.210 [DEBUG] [org.gradle.cache.internal.LockOnDemandCrossProcessCacheAccess] Releasing file lock for jars (C:\Users\liuqingbo\.gradle\caches\jars-3)
22:49:35.210 [DEBUG] [org.gradle.cache.internal.DefaultFileLockManager] Releasing lock on jars (C:\Users\liuqingbo\.gradle\caches\jars-3).
22:49:37.763 [DEBUG] [org.gradle.process.internal.health.memory.MemoryManager] Emitting OS memory status event {Total: 8454565888, Free: 2543505408}
22:49:37.763 [DEBUG] [org.gradle.launcher.daemon.server.health.LowMemoryDaemonExpirationStrategy] Received memory status update: {Total: 8454565888, Free: 2543505408}
22:49:37.764 [DEBUG] [org.gradle.process.internal.health.memory.MemoryManager] Emitting JVM memory status event {Maximum: 954728448, Committed: 256901120}
22:49:40.128 [DEBUG] [org.gradle.launcher.daemon.server.Daemon] DaemonExpirationPeriodicCheck running
22:49:40.130 [DEBUG] [org.gradle.cache.internal.DefaultFileLockManager] Waiting to acquire shared lock on daemon addresses registry.
22:49:40.130 [DEBUG] [org.gradle.cache.internal.DefaultFileLockManager] Lock acquired on daemon addresses registry.
22:49:40.131 [DEBUG] [org.gradle.cache.internal.DefaultFileLockManager] Releasing lock on daemon addresses registry.
22:49:40.133 [DEBUG] [org.gradle.cache.internal.DefaultFileLockManager] Waiting to acquire shared lock on daemon addresses registry.
22:49:40.133 [DEBUG] [org.gradle.cache.internal.DefaultFileLockManager] Lock acquired on daemon addresses registry.
22:49:40.134 [DEBUG] [org.gradle.cache.internal.DefaultFileLockManager] Releasing lock on daemon addresses registry.
22:49:40.136 [DEBUG] [org.gradle.cache.internal.DefaultFileLockManager] Waiting to acquire shared lock on daemon addresses registry.
22:49:40.136 [DEBUG] [org.gradle.cache.internal.DefaultFileLockManager] Lock acquired on daemon addresses registry.
22:49:40.137 [DEBUG] [org.gradle.cache.internal.DefaultFileLockManager] Releasing lock on daemon addresses registry.
22:49:42.763 [DEBUG] [org.gradle.process.internal.health.memory.MemoryManager] Emitting OS memory status event {Total: 8454565888, Free: 2544771072}
22:49:42.763 [DEBUG] [org.gradle.launcher.daemon.server.health.LowMemoryDaemonExpirationStrategy] Received memory status update: {Total: 8454565888, Free: 2544771072}
22:49:42.763 [DEBUG] [org.gradle.process.internal.health.memory.MemoryManager] Emitting JVM memory status event {Maximum: 954728448, Committed: 256901120}
22:49:47.764 [DEBUG] [org.gradle.process.internal.health.memory.MemoryManager] Emitting OS memory status event {Total: 8454565888, Free: 2542395392}
22:49:47.764 [DEBUG] [org.gradle.launcher.daemon.server.health.LowMemoryDaemonExpirationStrategy] Received memory status update: {Total: 8454565888, Free: 2542395392}
22:49:47.764 [DEBUG] [org.gradle.process.internal.health.memory.MemoryManager] Emitting JVM memory status event {Maximum: 954728448, Committed: 256901120}
22:49:50.128 [DEBUG] [org.gradle.launcher.daemon.server.Daemon] DaemonExpirationPeriodicCheck running
22:49:50.128 [DEBUG] [org.gradle.cache.internal.DefaultFileLockManager] Waiting to acquire shared lock on daemon addresses registry.
22:49:50.128 [DEBUG] [org.gradle.cache.internal.DefaultFileLockManager] Lock acquired on daemon addresses registry.
22:49:50.129 [DEBUG] [org.gradle.cache.internal.DefaultFileLockManager] Releasing lock on daemon addresses registry.
22:49:50.129 [DEBUG] [org.gradle.cache.internal.DefaultFileLockManager] Waiting to acquire shared lock on daemon addresses registry.
22:49:50.129 [DEBUG] [org.gradle.cache.internal.DefaultFileLockManager] Lock acquired on daemon addresses registry.
22:49:50.129 [DEBUG] [org.gradle.cache.internal.DefaultFileLockManager] Releasing lock on daemon addresses registry.
22:49:50.130 [DEBUG] [org.gradle.cache.internal.DefaultFileLockManager] Waiting to acquire shared lock on daemon addresses registry.
22:49:50.130 [DEBUG] [org.gradle.cache.internal.DefaultFileLockManager] Lock acquired on daemon addresses registry.
22:49:50.130 [DEBUG] [org.gradle.cache.internal.DefaultFileLockManager] Releasing lock on daemon addresses registry.
22:49:51.608 [DEBUG] [org.gradle.internal.remote.internal.inet.TcpIncomingConnector] Accepted connection from /127.0.0.1:51728 to /127.0.0.1:51699.
22:49:51.611 [DEBUG] [org.gradle.launcher.daemon.server.SynchronizedDispatchConnection] thread 26: received class org.gradle.launcher.daemon.protocol.StopWhenIdle
22:49:51.611 [DEBUG] [org.gradle.launcher.daemon.server.DefaultDaemonConnection] thread 26: Received non-IO message from client: StopWhenIdle[id=8a8e9a78-d2cf-43fa-b2fa-643deff95722.2]
22:49:51.612 [INFO] [org.gradle.launcher.daemon.server.DefaultIncomingConnectionHandler] Received command: StopWhenIdle[id=8a8e9a78-d2cf-43fa-b2fa-643deff95722.2].
22:49:51.612 [DEBUG] [org.gradle.launcher.daemon.server.DefaultIncomingConnectionHandler] Starting executing command: StopWhenIdle[id=8a8e9a78-d2cf-43fa-b2fa-643deff95722.2] with connection: socket connection from /127.0.0.1:51699 to /127.0.0.1:51728.
22:49:51.612 [DEBUG] [org.gradle.launcher.daemon.server.DaemonRegistryUpdater] Storing daemon stop event: stop command received
22:49:51.612 [DEBUG] [org.gradle.launcher.daemon.registry.PersistentDaemonRegistry] Storing daemon stop event with timestamp 1508683791612
22:49:51.613 [DEBUG] [org.gradle.cache.internal.DefaultFileLockManager] Waiting to acquire exclusive lock on daemon addresses registry.
22:49:51.614 [DEBUG] [org.gradle.cache.internal.DefaultFileLockManager] The file lock is held by a different Gradle process (pid: 4200, operation: ). Will attempt to ping owner at port 57491
22:49:51.815 [DEBUG] [org.gradle.cache.internal.DefaultFileLockManager] Lock acquired on daemon addresses registry.
22:49:51.817 [DEBUG] [org.gradle.cache.internal.DefaultFileLockManager] Releasing lock on daemon addresses registry.
22:49:51.818 [LIFECYCLE] [org.gradle.launcher.daemon.server.DaemonStateCoordinator] Daemon will be stopped at the end of the build stop command received
22:49:51.818 [DEBUG] [org.gradle.launcher.daemon.server.DaemonStateCoordinator] Marking daemon stopped due to stop command received. The daemon is running a build: false
22:49:51.818 [DEBUG] [org.gradle.launcher.daemon.server.DaemonStateCoordinator] daemon has stopped.
22:49:51.818 [DEBUG] [org.gradle.launcher.daemon.server.SynchronizedDispatchConnection] thread 15: dispatching class org.gradle.launcher.daemon.protocol.Success
22:49:51.818 [DEBUG] [org.gradle.launcher.daemon.server.Daemon] stop() called on daemon
22:49:51.818 [INFO] [org.gradle.launcher.daemon.server.Daemon] Stop requested. Daemon is removing its presence from the registry...
22:49:51.818 [DEBUG] [org.gradle.launcher.daemon.server.DaemonRegistryUpdater] Removing our presence to clients, eg. removing this address from the registry: [a75b2e12-8e50-410a-9790-5ebf8a86aefa port:51699, addresses:[/127.0.0.1, /0:0:0:0:0:0:0:1]]
22:49:51.818 [DEBUG] [org.gradle.launcher.daemon.registry.PersistentDaemonRegistry] Removing daemon address: [a75b2e12-8e50-410a-9790-5ebf8a86aefa port:51699, addresses:[/127.0.0.1, /0:0:0:0:0:0:0:1]]
22:49:51.819 [DEBUG] [org.gradle.launcher.daemon.server.DefaultIncomingConnectionHandler] Finishing executing command: StopWhenIdle[id=8a8e9a78-d2cf-43fa-b2fa-643deff95722.2]
22:49:51.820 [DEBUG] [org.gradle.launcher.daemon.server.SynchronizedDispatchConnection] thread 26: received class org.gradle.launcher.daemon.protocol.Finished
22:49:51.820 [DEBUG] [org.gradle.launcher.daemon.server.DefaultDaemonConnection] thread 26: Received non-IO message from client: org.gradle.launcher.daemon.protocol.Finished@247d8862
22:49:51.820 [DEBUG] [org.gradle.internal.remote.internal.inet.SocketConnection] Discarding EOFException: java.io.EOFException
22:49:51.820 [DEBUG] [org.gradle.launcher.daemon.server.SynchronizedDispatchConnection] thread 26: received null
22:49:51.820 [DEBUG] [org.gradle.launcher.daemon.server.DefaultDaemonConnection] thread 26: Received end-of-input from client.
22:49:51.820 [DEBUG] [org.gradle.launcher.daemon.server.DefaultIncomingConnectionHandler] Received finished message: null
22:49:51.820 [DEBUG] [org.gradle.launcher.daemon.server.SynchronizedDispatchConnection] thread 15: stopping connection
22:49:51.823 [DEBUG] [org.gradle.launcher.daemon.server.SynchronizedDispatchConnection] thread 15: stopping connection
22:49:51.831 [DEBUG] [org.gradle.cache.internal.DefaultFileLockManager] Waiting to acquire exclusive lock on daemon addresses registry.
22:49:51.832 [DEBUG] [org.gradle.cache.internal.DefaultFileLockManager] Lock acquired on daemon addresses registry.
22:49:51.833 [DEBUG] [org.gradle.cache.internal.DefaultFileLockManager] Releasing lock on daemon addresses registry.
22:49:51.834 [DEBUG] [org.gradle.launcher.daemon.server.DaemonRegistryUpdater] Address removed from registry.
Daemon vm is shutting down... The daemon has exited normally or was terminated in response to a user interrupt.
22:49:51.835 [DEBUG] [org.gradle.launcher.daemon.registry.PersistentDaemonRegistry] Removing daemon address: [a75b2e12-8e50-410a-9790-5ebf8a86aefa port:51699, addresses:[/127.0.0.1, /0:0:0:0:0:0:0:1]]
22:49:51.836 [DEBUG] [org.gradle.cache.internal.DefaultFileLockManager] Waiting to acquire exclusive lock on daemon addresses registry.
22:49:51.837 [DEBUG] [org.gradle.cache.internal.DefaultFileLockManager] Lock acquired on daemon addresses registry.
22:49:51.838 [DEBUG] [org.gradle.cache.internal.DefaultFileLockManager] Releasing lock on daemon addresses registry.
