21:25:39.000 [DEBUG] [org.gradle.launcher.daemon.bootstrap.DaemonMain] Assuming the daemon was started with following jvm opts: [-XX:MaxPermSize=256m, -XX:+HeapDumpOnOutOfMemoryError, -Xmx1024m, -Dfile.encoding=GBK, -Duser.country=CN, -Duser.language=zh, -Duser.variant]
21:25:39.015 [DEBUG] [org.gradle.internal.nativeintegration.services.NativeServices] Native-platform posix files integration is not available. Continuing with fallback.
21:25:40.357 [INFO] [org.gradle.launcher.daemon.server.Daemon] start() called on daemon - DefaultDaemonContext[uid=0144a406-7f24-4c33-8787-aa7699845225,javaHome=C:\Program Files\Java\jdk1.7.0_79,daemonRegistryDir=C:\Users\liuqingbo\.gradle\daemon,pid=6612,idleTimeout=10800000,daemonOpts=-XX:MaxPermSize=256m,-XX:+HeapDumpOnOutOfMemoryError,-Xmx1024m,-Dfile.encoding=GBK,-Duser.country=CN,-Duser.language=zh,-Duser.variant]
21:25:40.528 [DEBUG] [org.gradle.internal.remote.internal.inet.InetAddresses] Adding IP addresses for network interface Software Loopback Interface 1
21:25:40.528 [DEBUG] [org.gradle.internal.remote.internal.inet.InetAddresses] Is this a loopback interface? true
21:25:40.528 [DEBUG] [org.gradle.internal.remote.internal.inet.InetAddresses] Is this a multicast interface? true
21:25:40.528 [DEBUG] [org.gradle.internal.remote.internal.inet.InetAddresses] Adding loopback address /127.0.0.1
21:25:40.528 [DEBUG] [org.gradle.internal.remote.internal.inet.InetAddresses] Adding loopback address /0:0:0:0:0:0:0:1
21:25:40.528 [DEBUG] [org.gradle.internal.remote.internal.inet.InetAddresses] Adding loopback multicast interface Software Loopback Interface 1
21:25:40.528 [DEBUG] [org.gradle.internal.remote.internal.inet.InetAddresses] Adding IP addresses for network interface WAN Miniport (SSTP)
21:25:40.528 [DEBUG] [org.gradle.internal.remote.internal.inet.InetAddresses] Is this a loopback interface? false
21:25:40.528 [DEBUG] [org.gradle.internal.remote.internal.inet.InetAddresses] Is this a multicast interface? true
21:25:40.528 [DEBUG] [org.gradle.internal.remote.internal.inet.InetAddresses] Adding loopback multicast interface WAN Miniport (SSTP)
21:25:40.528 [DEBUG] [org.gradle.internal.remote.internal.inet.InetAddresses] Adding IP addresses for network interface WAN Miniport (L2TP)
21:25:40.528 [DEBUG] [org.gradle.internal.remote.internal.inet.InetAddresses] Is this a loopback interface? false
21:25:40.544 [DEBUG] [org.gradle.internal.remote.internal.inet.InetAddresses] Is this a multicast interface? true
21:25:40.544 [DEBUG] [org.gradle.internal.remote.internal.inet.InetAddresses] Adding loopback multicast interface WAN Miniport (L2TP)
21:25:40.544 [DEBUG] [org.gradle.internal.remote.internal.inet.InetAddresses] Adding IP addresses for network interface WAN Miniport (PPTP)
21:25:40.544 [DEBUG] [org.gradle.internal.remote.internal.inet.InetAddresses] Is this a loopback interface? false
21:25:40.544 [DEBUG] [org.gradle.internal.remote.internal.inet.InetAddresses] Is this a multicast interface? true
21:25:40.544 [DEBUG] [org.gradle.internal.remote.internal.inet.InetAddresses] Adding loopback multicast interface WAN Miniport (PPTP)
21:25:40.544 [DEBUG] [org.gradle.internal.remote.internal.inet.InetAddresses] Adding IP addresses for network interface WAN Miniport (PPPOE)
21:25:40.544 [DEBUG] [org.gradle.internal.remote.internal.inet.InetAddresses] Is this a loopback interface? false
21:25:40.544 [DEBUG] [org.gradle.internal.remote.internal.inet.InetAddresses] Is this a multicast interface? true
21:25:40.544 [DEBUG] [org.gradle.internal.remote.internal.inet.InetAddresses] Adding loopback multicast interface WAN Miniport (PPPOE)
21:25:40.544 [DEBUG] [org.gradle.internal.remote.internal.inet.InetAddresses] Adding IP addresses for network interface WAN Miniport (IPv6)
21:25:40.544 [DEBUG] [org.gradle.internal.remote.internal.inet.InetAddresses] Is this a loopback interface? false
21:25:40.544 [DEBUG] [org.gradle.internal.remote.internal.inet.InetAddresses] Is this a multicast interface? true
21:25:40.544 [DEBUG] [org.gradle.internal.remote.internal.inet.InetAddresses] Adding loopback multicast interface WAN Miniport (IPv6)
21:25:40.544 [DEBUG] [org.gradle.internal.remote.internal.inet.InetAddresses] Adding IP addresses for network interface WAN Miniport (Network Monitor)
21:25:40.544 [DEBUG] [org.gradle.internal.remote.internal.inet.InetAddresses] Is this a loopback interface? false
21:25:40.560 [DEBUG] [org.gradle.internal.remote.internal.inet.InetAddresses] Is this a multicast interface? true
21:25:40.560 [DEBUG] [org.gradle.internal.remote.internal.inet.InetAddresses] Adding loopback multicast interface WAN Miniport (Network Monitor)
21:25:40.560 [DEBUG] [org.gradle.internal.remote.internal.inet.InetAddresses] Adding IP addresses for network interface WAN Miniport (IP)
21:25:40.560 [DEBUG] [org.gradle.internal.remote.internal.inet.InetAddresses] Is this a loopback interface? false
21:25:40.560 [DEBUG] [org.gradle.internal.remote.internal.inet.InetAddresses] Is this a multicast interface? true
21:25:40.560 [DEBUG] [org.gradle.internal.remote.internal.inet.InetAddresses] Adding loopback multicast interface WAN Miniport (IP)
21:25:40.560 [DEBUG] [org.gradle.internal.remote.internal.inet.InetAddresses] Adding IP addresses for network interface RAS Async Adapter
21:25:40.560 [DEBUG] [org.gradle.internal.remote.internal.inet.InetAddresses] Is this a loopback interface? false
21:25:40.560 [DEBUG] [org.gradle.internal.remote.internal.inet.InetAddresses] Is this a multicast interface? true
21:25:40.560 [DEBUG] [org.gradle.internal.remote.internal.inet.InetAddresses] Adding loopback multicast interface RAS Async Adapter
21:25:40.560 [DEBUG] [org.gradle.internal.remote.internal.inet.InetAddresses] Adding IP addresses for network interface WAN Miniport (IKEv2)
21:25:40.560 [DEBUG] [org.gradle.internal.remote.internal.inet.InetAddresses] Is this a loopback interface? false
21:25:40.560 [DEBUG] [org.gradle.internal.remote.internal.inet.InetAddresses] Is this a multicast interface? true
21:25:40.560 [DEBUG] [org.gradle.internal.remote.internal.inet.InetAddresses] Adding loopback multicast interface WAN Miniport (IKEv2)
21:25:40.560 [DEBUG] [org.gradle.internal.remote.internal.inet.InetAddresses] Adding IP addresses for network interface Microsoft Virtual WiFi Miniport Adapter
21:25:40.560 [DEBUG] [org.gradle.internal.remote.internal.inet.InetAddresses] Is this a loopback interface? false
21:25:40.575 [DEBUG] [org.gradle.internal.remote.internal.inet.InetAddresses] Is this a multicast interface? true
21:25:40.575 [DEBUG] [org.gradle.internal.remote.internal.inet.InetAddresses] Adding loopback multicast interface Microsoft Virtual WiFi Miniport Adapter
21:25:40.575 [DEBUG] [org.gradle.internal.remote.internal.inet.InetAddresses] Adding IP addresses for network interface VMware Virtual Ethernet Adapter for VMnet1
21:25:40.575 [DEBUG] [org.gradle.internal.remote.internal.inet.InetAddresses] Is this a loopback interface? false
21:25:40.575 [DEBUG] [org.gradle.internal.remote.internal.inet.InetAddresses] Is this a multicast interface? true
21:25:40.575 [DEBUG] [org.gradle.internal.remote.internal.inet.InetAddresses] Adding remote address /192.168.205.1
21:25:40.575 [DEBUG] [org.gradle.internal.remote.internal.inet.InetAddresses] Adding remote address /fe80:0:0:0:f09c:1eae:162a:b5b0%12
21:25:40.575 [DEBUG] [org.gradle.internal.remote.internal.inet.InetAddresses] Adding remote multicast interface VMware Virtual Ethernet Adapter for VMnet1
21:25:40.575 [DEBUG] [org.gradle.internal.remote.internal.inet.InetAddresses] Adding IP addresses for network interface VMware Virtual Ethernet Adapter for VMnet8
21:25:40.575 [DEBUG] [org.gradle.internal.remote.internal.inet.InetAddresses] Is this a loopback interface? false
21:25:40.575 [DEBUG] [org.gradle.internal.remote.internal.inet.InetAddresses] Is this a multicast interface? true
21:25:40.575 [DEBUG] [org.gradle.internal.remote.internal.inet.InetAddresses] Adding remote address /192.168.50.1
21:25:40.575 [DEBUG] [org.gradle.internal.remote.internal.inet.InetAddresses] Adding remote address /fe80:0:0:0:3c4e:f2ec:323b:9e3f%13
21:25:40.575 [DEBUG] [org.gradle.internal.remote.internal.inet.InetAddresses] Adding remote multicast interface VMware Virtual Ethernet Adapter for VMnet8
21:25:40.575 [DEBUG] [org.gradle.internal.remote.internal.inet.InetAddresses] Adding IP addresses for network interface Microsoft ISATAP Adapter #3
21:25:40.575 [DEBUG] [org.gradle.internal.remote.internal.inet.InetAddresses] Is this a loopback interface? false
21:25:40.575 [DEBUG] [org.gradle.internal.remote.internal.inet.InetAddresses] Is this a multicast interface? false
21:25:40.575 [DEBUG] [org.gradle.internal.remote.internal.inet.InetAddresses] Adding remote address /fe80:0:0:0:0:5efe:c0a8:64%14
21:25:40.575 [DEBUG] [org.gradle.internal.remote.internal.inet.InetAddresses] Adding IP addresses for network interface Microsoft ISATAP Adapter #4
21:25:40.575 [DEBUG] [org.gradle.internal.remote.internal.inet.InetAddresses] Is this a loopback interface? false
21:25:40.591 [DEBUG] [org.gradle.internal.remote.internal.inet.InetAddresses] Is this a multicast interface? false
21:25:40.591 [DEBUG] [org.gradle.internal.remote.internal.inet.InetAddresses] Adding remote address /fe80:0:0:0:0:5efe:c0a8:3201%15
21:25:40.591 [DEBUG] [org.gradle.internal.remote.internal.inet.InetAddresses] Adding IP addresses for network interface Microsoft Virtual WiFi Miniport Adapter #2
21:25:40.591 [DEBUG] [org.gradle.internal.remote.internal.inet.InetAddresses] Is this a loopback interface? false
21:25:40.591 [DEBUG] [org.gradle.internal.remote.internal.inet.InetAddresses] Is this a multicast interface? true
21:25:40.591 [DEBUG] [org.gradle.internal.remote.internal.inet.InetAddresses] Adding loopback multicast interface Microsoft Virtual WiFi Miniport Adapter #2
21:25:40.591 [DEBUG] [org.gradle.internal.remote.internal.inet.InetAddresses] Adding IP addresses for network interface null
21:25:40.591 [DEBUG] [org.gradle.internal.remote.internal.inet.InetAddresses] Is this a loopback interface? false
21:25:40.591 [DEBUG] [org.gradle.internal.remote.internal.inet.InetAddresses] Is this a multicast interface? true
21:25:40.591 [DEBUG] [org.gradle.internal.remote.internal.inet.InetAddresses] Adding loopback multicast interface null
21:25:40.591 [DEBUG] [org.gradle.internal.remote.internal.inet.InetAddresses] Adding IP addresses for network interface Intel(R) Ethernet Connection (2) I219-V
21:25:40.591 [DEBUG] [org.gradle.internal.remote.internal.inet.InetAddresses] Is this a loopback interface? false
21:25:40.591 [DEBUG] [org.gradle.internal.remote.internal.inet.InetAddresses] Is this a multicast interface? true
21:25:40.591 [DEBUG] [org.gradle.internal.remote.internal.inet.InetAddresses] Adding remote address /fe80:0:0:0:7c3a:e2b5:16af:8cdc%18
21:25:40.591 [DEBUG] [org.gradle.internal.remote.internal.inet.InetAddresses] Adding remote multicast interface Intel(R) Ethernet Connection (2) I219-V
21:25:40.591 [DEBUG] [org.gradle.internal.remote.internal.inet.InetAddresses] Adding IP addresses for network interface Microsoft ISATAP Adapter
21:25:40.591 [DEBUG] [org.gradle.internal.remote.internal.inet.InetAddresses] Is this a loopback interface? false
21:25:40.606 [DEBUG] [org.gradle.internal.remote.internal.inet.InetAddresses] Is this a multicast interface? false
21:25:40.606 [DEBUG] [org.gradle.internal.remote.internal.inet.InetAddresses] Adding remote address /fe80:0:0:0:0:5efe:c0a8:cd01%19
21:25:40.606 [DEBUG] [org.gradle.internal.remote.internal.inet.InetAddresses] Adding IP addresses for network interface Microsoft ISATAP Adapter #2
21:25:40.606 [DEBUG] [org.gradle.internal.remote.internal.inet.InetAddresses] Is this a loopback interface? false
21:25:40.606 [DEBUG] [org.gradle.internal.remote.internal.inet.InetAddresses] Is this a multicast interface? true
21:25:40.606 [DEBUG] [org.gradle.internal.remote.internal.inet.InetAddresses] Adding loopback multicast interface Microsoft ISATAP Adapter #2
21:25:40.606 [DEBUG] [org.gradle.internal.remote.internal.inet.InetAddresses] Adding IP addresses for network interface 802.11n USB Wireless LAN Card
21:25:40.606 [DEBUG] [org.gradle.internal.remote.internal.inet.InetAddresses] Is this a loopback interface? false
21:25:40.606 [DEBUG] [org.gradle.internal.remote.internal.inet.InetAddresses] Is this a multicast interface? true
21:25:40.606 [DEBUG] [org.gradle.internal.remote.internal.inet.InetAddresses] Adding remote address /192.168.0.100
21:25:40.606 [DEBUG] [org.gradle.internal.remote.internal.inet.InetAddresses] Adding remote address /fe80:0:0:0:451a:19:a382:d64f%21
21:25:40.606 [DEBUG] [org.gradle.internal.remote.internal.inet.InetAddresses] Adding remote multicast interface 802.11n USB Wireless LAN Card
21:25:40.606 [DEBUG] [org.gradle.internal.remote.internal.inet.InetAddresses] Adding IP addresses for network interface Intel(R) Ethernet Connection (2) I219-V-QoS Packet Scheduler-0000
21:25:40.606 [DEBUG] [org.gradle.internal.remote.internal.inet.InetAddresses] Is this a loopback interface? false
21:25:40.606 [DEBUG] [org.gradle.internal.remote.internal.inet.InetAddresses] Is this a multicast interface? true
21:25:40.606 [DEBUG] [org.gradle.internal.remote.internal.inet.InetAddresses] Adding loopback multicast interface Intel(R) Ethernet Connection (2) I219-V-QoS Packet Scheduler-0000
21:25:40.606 [DEBUG] [org.gradle.internal.remote.internal.inet.InetAddresses] Adding IP addresses for network interface Intel(R) Ethernet Connection (2) I219-V-WFP LightWeight Filter-0000
21:25:40.606 [DEBUG] [org.gradle.internal.remote.internal.inet.InetAddresses] Is this a loopback interface? false
21:25:40.606 [DEBUG] [org.gradle.internal.remote.internal.inet.InetAddresses] Is this a multicast interface? true
21:25:40.606 [DEBUG] [org.gradle.internal.remote.internal.inet.InetAddresses] Adding loopback multicast interface Intel(R) Ethernet Connection (2) I219-V-WFP LightWeight Filter-0000
21:25:40.606 [DEBUG] [org.gradle.internal.remote.internal.inet.InetAddresses] Adding IP addresses for network interface WAN Miniport (IPv6)-QoS Packet Scheduler-0000
21:25:40.622 [DEBUG] [org.gradle.internal.remote.internal.inet.InetAddresses] Is this a loopback interface? false
21:25:40.622 [DEBUG] [org.gradle.internal.remote.internal.inet.InetAddresses] Is this a multicast interface? true
21:25:40.622 [DEBUG] [org.gradle.internal.remote.internal.inet.InetAddresses] Adding loopback multicast interface WAN Miniport (IPv6)-QoS Packet Scheduler-0000
21:25:40.622 [DEBUG] [org.gradle.internal.remote.internal.inet.InetAddresses] Adding IP addresses for network interface WAN Miniport (IP)-QoS Packet Scheduler-0000
21:25:40.622 [DEBUG] [org.gradle.internal.remote.internal.inet.InetAddresses] Is this a loopback interface? false
21:25:40.622 [DEBUG] [org.gradle.internal.remote.internal.inet.InetAddresses] Is this a multicast interface? true
21:25:40.622 [DEBUG] [org.gradle.internal.remote.internal.inet.InetAddresses] Adding loopback multicast interface WAN Miniport (IP)-QoS Packet Scheduler-0000
21:25:40.622 [DEBUG] [org.gradle.internal.remote.internal.inet.InetAddresses] Adding IP addresses for network interface WAN Miniport (Network Monitor)-QoS Packet Scheduler-0000
21:25:40.622 [DEBUG] [org.gradle.internal.remote.internal.inet.InetAddresses] Is this a loopback interface? false
21:25:40.622 [DEBUG] [org.gradle.internal.remote.internal.inet.InetAddresses] Is this a multicast interface? true
21:25:40.622 [DEBUG] [org.gradle.internal.remote.internal.inet.InetAddresses] Adding loopback multicast interface WAN Miniport (Network Monitor)-QoS Packet Scheduler-0000
21:25:40.622 [DEBUG] [org.gradle.internal.remote.internal.inet.InetAddresses] Adding IP addresses for network interface 802.11n USB Wireless LAN Card-Virtual WiFi Filter Driver-0000
21:25:40.622 [DEBUG] [org.gradle.internal.remote.internal.inet.InetAddresses] Is this a loopback interface? false
21:25:40.622 [DEBUG] [org.gradle.internal.remote.internal.inet.InetAddresses] Is this a multicast interface? true
21:25:40.622 [DEBUG] [org.gradle.internal.remote.internal.inet.InetAddresses] Adding loopback multicast interface 802.11n USB Wireless LAN Card-Virtual WiFi Filter Driver-0000
21:25:40.622 [DEBUG] [org.gradle.internal.remote.internal.inet.InetAddresses] Adding IP addresses for network interface 802.11n USB Wireless LAN Card-QoS Packet Scheduler-0000
21:25:40.622 [DEBUG] [org.gradle.internal.remote.internal.inet.InetAddresses] Is this a loopback interface? false
21:25:40.622 [DEBUG] [org.gradle.internal.remote.internal.inet.InetAddresses] Is this a multicast interface? true
21:25:40.622 [DEBUG] [org.gradle.internal.remote.internal.inet.InetAddresses] Adding loopback multicast interface 802.11n USB Wireless LAN Card-QoS Packet Scheduler-0000
21:25:40.638 [DEBUG] [org.gradle.internal.remote.internal.inet.InetAddresses] Adding IP addresses for network interface 802.11n USB Wireless LAN Card-Native WiFi Filter Driver-0000
21:25:40.638 [DEBUG] [org.gradle.internal.remote.internal.inet.InetAddresses] Is this a loopback interface? false
21:25:40.638 [DEBUG] [org.gradle.internal.remote.internal.inet.InetAddresses] Is this a multicast interface? true
21:25:40.638 [DEBUG] [org.gradle.internal.remote.internal.inet.InetAddresses] Adding loopback multicast interface 802.11n USB Wireless LAN Card-Native WiFi Filter Driver-0000
21:25:40.638 [DEBUG] [org.gradle.internal.remote.internal.inet.InetAddresses] Adding IP addresses for network interface 802.11n USB Wireless LAN Card-WFP LightWeight Filter-0000
21:25:40.638 [DEBUG] [org.gradle.internal.remote.internal.inet.InetAddresses] Is this a loopback interface? false
21:25:40.638 [DEBUG] [org.gradle.internal.remote.internal.inet.InetAddresses] Is this a multicast interface? true
21:25:40.638 [DEBUG] [org.gradle.internal.remote.internal.inet.InetAddresses] Adding loopback multicast interface 802.11n USB Wireless LAN Card-WFP LightWeight Filter-0000
21:25:40.653 [DEBUG] [org.gradle.internal.remote.internal.inet.TcpIncomingConnector] Listening on [b54ad3bc-d53f-4126-9e05-c9f269e5ddf1 port:50031, addresses:[/127.0.0.1, /0:0:0:0:0:0:0:1]].
21:25:40.653 [DEBUG] [org.gradle.launcher.daemon.server.Daemon] Daemon starting at: Sun Oct 22 21:25:40 CST 2017, with address: [b54ad3bc-d53f-4126-9e05-c9f269e5ddf1 port:50031, addresses:[/127.0.0.1, /0:0:0:0:0:0:0:1]]
21:25:40.653 [INFO] [org.gradle.launcher.daemon.server.DaemonRegistryUpdater] Advertising the daemon address to the clients: [b54ad3bc-d53f-4126-9e05-c9f269e5ddf1 port:50031, addresses:[/127.0.0.1, /0:0:0:0:0:0:0:1]]
21:25:40.653 [DEBUG] [org.gradle.launcher.daemon.server.DaemonRegistryUpdater] Advertised daemon context: DefaultDaemonContext[uid=0144a406-7f24-4c33-8787-aa7699845225,javaHome=C:\Program Files\Java\jdk1.7.0_79,daemonRegistryDir=C:\Users\liuqingbo\.gradle\daemon,pid=6612,idleTimeout=10800000,daemonOpts=-XX:MaxPermSize=256m,-XX:+HeapDumpOnOutOfMemoryError,-Xmx1024m,-Dfile.encoding=GBK,-Duser.country=CN,-Duser.language=zh,-Duser.variant]
21:25:40.653 [DEBUG] [org.gradle.launcher.daemon.registry.PersistentDaemonRegistry] Storing daemon address: [b54ad3bc-d53f-4126-9e05-c9f269e5ddf1 port:50031, addresses:[/127.0.0.1, /0:0:0:0:0:0:0:1]], context: DefaultDaemonContext[uid=0144a406-7f24-4c33-8787-aa7699845225,javaHome=C:\Program Files\Java\jdk1.7.0_79,daemonRegistryDir=C:\Users\liuqingbo\.gradle\daemon,pid=6612,idleTimeout=10800000,daemonOpts=-XX:MaxPermSize=256m,-XX:+HeapDumpOnOutOfMemoryError,-Xmx1024m,-Dfile.encoding=GBK,-Duser.country=CN,-Duser.language=zh,-Duser.variant]
21:25:40.716 [DEBUG] [org.gradle.cache.internal.DefaultFileLockManager] Waiting to acquire exclusive lock on daemon addresses registry.
21:25:40.716 [DEBUG] [org.gradle.cache.internal.DefaultFileLockManager] Lock acquired on daemon addresses registry.
21:25:40.825 [DEBUG] [org.gradle.cache.internal.DefaultFileLockManager] Releasing lock on daemon addresses registry.
21:25:40.825 [LIFECYCLE] [org.gradle.launcher.daemon.server.Daemon] Daemon server started.
21:25:40.825 [DEBUG] [org.gradle.launcher.daemon.bootstrap.DaemonStartupCommunication] Completed writing the daemon greeting. Closing streams...
21:25:40.825 [DEBUG] [org.gradle.launcher.daemon.server.Daemon] stopOnExpiration() called on daemon
21:25:40.825 [DEBUG] [org.gradle.launcher.daemon.server.Daemon] awaitExpiration() called on daemon
21:25:40.825 [DEBUG] [org.gradle.launcher.daemon.server.DaemonStateCoordinator] daemon is running. Sleeping until state changes.
21:25:41.043 [DEBUG] [org.gradle.internal.remote.internal.inet.TcpIncomingConnector] Accepted connection from /127.0.0.1:50033 to /127.0.0.1:50031.
21:25:41.433 [DEBUG] [org.gradle.launcher.daemon.server.SynchronizedDispatchConnection] thread 15: received class org.gradle.launcher.daemon.protocol.Build
21:25:41.433 [DEBUG] [org.gradle.launcher.daemon.server.DefaultDaemonConnection] thread 15: Received non-IO message from client: Build{id=43c1694f-1023-4999-8dd7-e4f2484b5103.1, currentDir=E:\v1\code\caimi_project\cp_lottery\02code\branches\branch_01}
21:25:41.433 [INFO] [org.gradle.launcher.daemon.server.DefaultIncomingConnectionHandler] Received command: Build{id=43c1694f-1023-4999-8dd7-e4f2484b5103.1, currentDir=E:\v1\code\caimi_project\cp_lottery\02code\branches\branch_01}.
21:25:41.433 [DEBUG] [org.gradle.launcher.daemon.server.DefaultIncomingConnectionHandler] Starting executing command: Build{id=43c1694f-1023-4999-8dd7-e4f2484b5103.1, currentDir=E:\v1\code\caimi_project\cp_lottery\02code\branches\branch_01} with connection: socket connection from /127.0.0.1:50031 to /127.0.0.1:50033.
21:25:41.433 [ERROR] [org.gradle.launcher.daemon.server.DaemonStateCoordinator] Command execution: started DaemonCommandExecution[command = Build{id=43c1694f-1023-4999-8dd7-e4f2484b5103.1, currentDir=E:\v1\code\caimi_project\cp_lottery\02code\branches\branch_01}, connection = DefaultDaemonConnection: socket connection from /127.0.0.1:50031 to /127.0.0.1:50033] after 0.0 minutes of idle
21:25:41.433 [INFO] [org.gradle.launcher.daemon.server.DaemonRegistryUpdater] Marking the daemon as busy, address: [b54ad3bc-d53f-4126-9e05-c9f269e5ddf1 port:50031, addresses:[/127.0.0.1, /0:0:0:0:0:0:0:1]]
21:25:41.433 [DEBUG] [org.gradle.launcher.daemon.registry.PersistentDaemonRegistry] Marking busy by address: [b54ad3bc-d53f-4126-9e05-c9f269e5ddf1 port:50031, addresses:[/127.0.0.1, /0:0:0:0:0:0:0:1]]
21:25:41.433 [DEBUG] [org.gradle.cache.internal.DefaultFileLockManager] Waiting to acquire exclusive lock on daemon addresses registry.
21:25:41.433 [DEBUG] [org.gradle.cache.internal.DefaultFileLockManager] The file lock is held by a different Gradle process (pid: 7128, operation: ). Will attempt to ping owner at port 57255
21:25:41.636 [DEBUG] [org.gradle.cache.internal.DefaultFileLockManager] Lock acquired on daemon addresses registry.
21:25:41.636 [DEBUG] [org.gradle.cache.internal.DefaultFileLockManager] Releasing lock on daemon addresses registry.
21:25:41.636 [DEBUG] [org.gradle.launcher.daemon.server.DaemonStateCoordinator] resetting idle timer
21:25:41.636 [DEBUG] [org.gradle.launcher.daemon.server.DaemonStateCoordinator] daemon is running. Sleeping until state changes.
21:25:41.636 [INFO] [org.gradle.launcher.daemon.server.exec.StartBuildOrRespondWithBusy] Daemon is about to start building Build{id=43c1694f-1023-4999-8dd7-e4f2484b5103.1, currentDir=E:\v1\code\caimi_project\cp_lottery\02code\branches\branch_01}. Dispatching build started information...
21:25:41.636 [DEBUG] [org.gradle.launcher.daemon.server.SynchronizedDispatchConnection] thread 17: dispatching class org.gradle.launcher.daemon.protocol.BuildStarted
21:25:41.652 [DEBUG] [org.gradle.launcher.daemon.server.exec.EstablishBuildEnvironment] Configuring env variables: {USERPROFILE=C:\Users\liuqingbo, ProgramData=C:\ProgramData, PATHEXT=.COM;.EXE;.BAT;.CMD;.VBS;.VBE;.JS;.JSE;.WSF;.WSH;.MSC, JAVA_HOME=C:\Program Files\Java\jdk1.7.0_79, ProgramFiles(x86)=C:\Program Files (x86), #envTSLOGTSLOG2724=4007728, TEMP=C:\Users\LIUQIN~1\AppData\Local\Temp, SystemDrive=C:, ProgramFiles=C:\Program Files, Path=C:\ProgramData\Oracle\Java\javapath;C:\Program Files (x86)\Intel\iCLS Client\;C:\Program Files\Intel\iCLS Client\;D:\app\liuqingbo\product\11.2.0\dbhome_1\bin;C:\Windows\system32;C:\Windows;C:\Windows\System32\Wbem;C:\Windows\System32\WindowsPowerShell\v1.0\;C:\Program Files (x86)\Intel\Intel(R) Management Engine Components\DAL;C:\Program Files\Intel\Intel(R) Management Engine Components\DAL;C:\Program Files (x86)\Intel\Intel(R) Management Engine Components\IPT;C:\Program Files\Intel\Intel(R) Management Engine Components\IPT;C:\Program Files\TortoiseSVN\bin;D:\Program Files (x86)\UltraEdit;D:\gradle-3.5.1\bin;D:\apache-maven-3.3.3\bin;C:\Program Files\Java\jdk1.7.0_79\bin;D:\Program Files\Git\cmd;D:\Program Files (x86)\SSH Secure Shell, HOMEDRIVE=C:, PROCESSOR_REVISION=9e09, USERDOMAIN=liuqingbo-PC, ALLUSERSPROFILE=C:\ProgramData, ProgramW6432=C:\Program Files, PROCESSOR_IDENTIFIER=Intel64 Family 6 Model 158 Stepping 9, GenuineIntel, SESSIONNAME=Console, TMP=C:\Users\LIUQIN~1\AppData\Local\Temp, =::=::\, M2_HOME=D:\apache-maven-3.3.3, CommonProgramFiles=C:\Program Files\Common Files, PROCESSOR_ARCHITECTURE=AMD64, LOGONSERVER=\\LIUQINGBO-PC, OS=Windows_NT, FP_NO_HOST_CHECK=NO, HOMEPATH=\Users\liuqingbo, GRADLE_HOME=D:\gradle-3.5.1, PROCESSOR_LEVEL=6, CommonProgramW6432=C:\Program Files\Common Files, LOCALAPPDATA=C:\Users\liuqingbo\AppData\Local, COMPUTERNAME=LIUQINGBO-PC, windir=C:\Windows, SystemRoot=C:\Windows, NUMBER_OF_PROCESSORS=4, PUBLIC=C:\Users\Public, USERNAME=liuqingbo, PSModulePath=C:\Windows\system32\WindowsPowerShell\v1.0\Modules\;C:\Program Files\Intel\;C:\Program Files\Intel\Wired Networking\, CommonProgramFiles(x86)=C:\Program Files (x86)\Common Files, #envTSLOGsss2724=4056352, ComSpec=C:\Windows\system32\cmd.exe, APPDATA=C:\Users\liuqingbo\AppData\Roaming}
21:25:41.652 [DEBUG] [org.gradle.launcher.daemon.server.SynchronizedDispatchConnection] thread 15: received class org.gradle.launcher.daemon.protocol.CloseInput
21:25:41.652 [DEBUG] [org.gradle.launcher.daemon.server.DefaultDaemonConnection] thread 15: Received IO message from client: org.gradle.launcher.daemon.protocol.CloseInput@31185f32
21:25:41.667 [DEBUG] [org.gradle.launcher.daemon.server.exec.LogToClient] About to start relaying all logs to the client via the connection.
21:25:41.667 [INFO] [org.gradle.launcher.daemon.server.exec.LogToClient] The client will now receive all logging from the daemon (pid: 6612). The daemon log file: C:\Users\liuqingbo\.gradle\daemon\3.5.1\daemon-6612.out.log
21:25:41.667 [INFO] [org.gradle.launcher.daemon.server.exec.LogAndCheckHealth] Starting build in new daemon [memory: 954.7 MB]
21:25:41.667 [INFO] [org.gradle.launcher.daemon.server.exec.ForwardClientInput] Closing daemon's stdin at end of input.
21:25:41.667 [INFO] [org.gradle.launcher.daemon.server.exec.ForwardClientInput] The daemon will no longer process any standard input.
21:25:41.667 [DEBUG] [org.gradle.launcher.daemon.server.exec.ExecuteBuild] The daemon has started executing the build.
21:25:41.667 [INFO] [org.gradle.launcher.daemon.server.exec.ExecuteBuild] Executing build with daemon context: DefaultDaemonContext[uid=0144a406-7f24-4c33-8787-aa7699845225,javaHome=C:\Program Files\Java\jdk1.7.0_79,daemonRegistryDir=C:\Users\liuqingbo\.gradle\daemon,pid=6612,idleTimeout=10800000,daemonOpts=-XX:MaxPermSize=256m,-XX:+HeapDumpOnOutOfMemoryError,-Xmx1024m,-Dfile.encoding=GBK,-Duser.country=CN,-Duser.language=zh,-Duser.variant]
21:25:43.212 [INFO] [org.gradle.cache.internal.DefaultCacheAccess] Creating new cache for fileHashes, path C:\Users\liuqingbo\.gradle\caches\3.5.1\fileHashes\fileHashes.bin, access org.gradle.cache.internal.DefaultCacheAccess@65616864
21:25:43.274 [DEBUG] [org.gradle.api.internal.changedetection.state.InMemoryCacheDecoratorFactory] Creating in-memory store for cache C:\Users\liuqingbo\.gradle\caches\3.5.1\fileHashes\fileHashes.bin (max size: 400000)
21:25:43.336 [DEBUG] [org.gradle.cache.internal.LockOnDemandCrossProcessCacheAccess] Acquiring file lock for file hash cache (C:\Users\liuqingbo\.gradle\caches\3.5.1\fileHashes)
21:25:43.352 [DEBUG] [org.gradle.cache.internal.DefaultFileLockManager] Waiting to acquire exclusive lock on file hash cache (C:\Users\liuqingbo\.gradle\caches\3.5.1\fileHashes).
21:25:43.758 [DEBUG] [org.gradle.cache.internal.DefaultFileLockManager] Lock acquired on file hash cache (C:\Users\liuqingbo\.gradle\caches\3.5.1\fileHashes).
21:25:43.758 [DEBUG] [org.gradle.cache.internal.locklistener.DefaultFileLockContentionHandler] Starting file lock listener thread.
21:25:43.758 [INFO] [org.gradle.cache.internal.DefaultCacheAccess] Creating new cache for jvmRuntimeClassSignatures, path C:\Users\liuqingbo\.gradle\caches\3.5.1\fileHashes\jvmRuntimeClassSignatures.bin, access org.gradle.cache.internal.DefaultCacheAccess@65616864
21:25:43.758 [DEBUG] [org.gradle.api.internal.changedetection.state.InMemoryCacheDecoratorFactory] Creating in-memory store for cache C:\Users\liuqingbo\.gradle\caches\3.5.1\fileHashes\jvmRuntimeClassSignatures.bin (max size: 400000)
21:25:43.960 [DEBUG] [org.gradle.cache.internal.LockOnDemandCrossProcessCacheAccess] Lock on file hash cache (C:\Users\liuqingbo\.gradle\caches\3.5.1\fileHashes) requested by another process - releasing lock.
21:25:43.960 [DEBUG] [org.gradle.cache.internal.LockOnDemandCrossProcessCacheAccess] Releasing file lock for file hash cache (C:\Users\liuqingbo\.gradle\caches\3.5.1\fileHashes)
21:25:43.960 [DEBUG] [org.gradle.cache.internal.DefaultFileLockManager] Releasing lock on file hash cache (C:\Users\liuqingbo\.gradle\caches\3.5.1\fileHashes).
21:25:45.801 [INFO] [org.gradle.cache.internal.DefaultCacheAccess] Creating new cache for plugin-use-metadata, path C:\Users\liuqingbo\.gradle\caches\3.5.1\plugin-resolution\plugin-use-metadata.bin, access org.gradle.cache.internal.DefaultCacheAccess@630d8f68
21:25:45.801 [INFO] [org.gradle.cache.internal.DefaultCacheAccess] Creating new cache for client-status, path C:\Users\liuqingbo\.gradle\caches\3.5.1\plugin-resolution\client-status.bin, access org.gradle.cache.internal.DefaultCacheAccess@630d8f68
Repository file:/C:/Users/liuqingbo/.m2/repository/ removed. Only http://localhost:8081/nexus/content/groups/public/ is allowed
Repository https://repo1.maven.org/maven2/ removed. Only http://localhost:8081/nexus/content/groups/public/ is allowed
Repository https://jcenter.bintray.com/ removed. Only http://localhost:8081/nexus/content/groups/public/ is allowed
Repository file:/C:/Users/liuqingbo/.m2/repository/ removed. Only http://localhost:8081/nexus/content/groups/public/ is allowed
Repository https://repo1.maven.org/maven2/ removed. Only http://localhost:8081/nexus/content/groups/public/ is allowed
Repository https://jcenter.bintray.com/ removed. Only http://localhost:8081/nexus/content/groups/public/ is allowed
Repository file:/C:/Users/liuqingbo/.m2/repository/ removed. Only http://localhost:8081/nexus/content/groups/public/ is allowed
Repository https://repo1.maven.org/maven2/ removed. Only http://localhost:8081/nexus/content/groups/public/ is allowed
Repository https://jcenter.bintray.com/ removed. Only http://localhost:8081/nexus/content/groups/public/ is allowed
Repository file:/C:/Users/liuqingbo/.m2/repository/ removed. Only http://localhost:8081/nexus/content/groups/public/ is allowed
Repository https://repo1.maven.org/maven2/ removed. Only http://localhost:8081/nexus/content/groups/public/ is allowed
Repository https://jcenter.bintray.com/ removed. Only http://localhost:8081/nexus/content/groups/public/ is allowed
Repository file:/C:/Users/liuqingbo/.m2/repository/ removed. Only http://localhost:8081/nexus/content/groups/public/ is allowed
Repository https://repo1.maven.org/maven2/ removed. Only http://localhost:8081/nexus/content/groups/public/ is allowed
Repository https://jcenter.bintray.com/ removed. Only http://localhost:8081/nexus/content/groups/public/ is allowed
Repository file:/C:/Users/liuqingbo/.m2/repository/ removed. Only http://localhost:8081/nexus/content/groups/public/ is allowed
Repository https://repo1.maven.org/maven2/ removed. Only http://localhost:8081/nexus/content/groups/public/ is allowed
Repository https://jcenter.bintray.com/ removed. Only http://localhost:8081/nexus/content/groups/public/ is allowed
Repository file:/C:/Users/liuqingbo/.m2/repository/ removed. Only http://localhost:8081/nexus/content/groups/public/ is allowed
Repository https://repo1.maven.org/maven2/ removed. Only http://localhost:8081/nexus/content/groups/public/ is allowed
Repository https://jcenter.bintray.com/ removed. Only http://localhost:8081/nexus/content/groups/public/ is allowed
Repository file:/C:/Users/liuqingbo/.m2/repository/ removed. Only http://localhost:8081/nexus/content/groups/public/ is allowed
Repository https://repo1.maven.org/maven2/ removed. Only http://localhost:8081/nexus/content/groups/public/ is allowed
Repository https://jcenter.bintray.com/ removed. Only http://localhost:8081/nexus/content/groups/public/ is allowed
Repository file:/C:/Users/liuqingbo/.m2/repository/ removed. Only http://localhost:8081/nexus/content/groups/public/ is allowed
Repository https://repo1.maven.org/maven2/ removed. Only http://localhost:8081/nexus/content/groups/public/ is allowed
Repository https://jcenter.bintray.com/ removed. Only http://localhost:8081/nexus/content/groups/public/ is allowed
Repository file:/C:/Users/liuqingbo/.m2/repository/ removed. Only http://localhost:8081/nexus/content/groups/public/ is allowed
Repository https://repo1.maven.org/maven2/ removed. Only http://localhost:8081/nexus/content/groups/public/ is allowed
Repository https://jcenter.bintray.com/ removed. Only http://localhost:8081/nexus/content/groups/public/ is allowed
Repository file:/C:/Users/liuqingbo/.m2/repository/ removed. Only http://localhost:8081/nexus/content/groups/public/ is allowed
Repository https://repo1.maven.org/maven2/ removed. Only http://localhost:8081/nexus/content/groups/public/ is allowed
Repository https://jcenter.bintray.com/ removed. Only http://localhost:8081/nexus/content/groups/public/ is allowed
Repository file:/C:/Users/liuqingbo/.m2/repository/ removed. Only http://localhost:8081/nexus/content/groups/public/ is allowed
Repository https://repo1.maven.org/maven2/ removed. Only http://localhost:8081/nexus/content/groups/public/ is allowed
Repository https://jcenter.bintray.com/ removed. Only http://localhost:8081/nexus/content/groups/public/ is allowed
Repository file:/C:/Users/liuqingbo/.m2/repository/ removed. Only http://localhost:8081/nexus/content/groups/public/ is allowed
Repository https://repo1.maven.org/maven2/ removed. Only http://localhost:8081/nexus/content/groups/public/ is allowed
Repository https://jcenter.bintray.com/ removed. Only http://localhost:8081/nexus/content/groups/public/ is allowed
Repository file:/C:/Users/liuqingbo/.m2/repository/ removed. Only http://localhost:8081/nexus/content/groups/public/ is allowed
Repository https://repo1.maven.org/maven2/ removed. Only http://localhost:8081/nexus/content/groups/public/ is allowed
Repository https://jcenter.bintray.com/ removed. Only http://localhost:8081/nexus/content/groups/public/ is allowed
Repository file:/C:/Users/liuqingbo/.m2/repository/ removed. Only http://localhost:8081/nexus/content/groups/public/ is allowed
Repository https://repo1.maven.org/maven2/ removed. Only http://localhost:8081/nexus/content/groups/public/ is allowed
Repository https://jcenter.bintray.com/ removed. Only http://localhost:8081/nexus/content/groups/public/ is allowed
Repository file:/C:/Users/liuqingbo/.m2/repository/ removed. Only http://localhost:8081/nexus/content/groups/public/ is allowed
Repository https://repo1.maven.org/maven2/ removed. Only http://localhost:8081/nexus/content/groups/public/ is allowed
Repository https://jcenter.bintray.com/ removed. Only http://localhost:8081/nexus/content/groups/public/ is allowed
Repository file:/C:/Users/liuqingbo/.m2/repository/ removed. Only http://localhost:8081/nexus/content/groups/public/ is allowed
Repository https://repo1.maven.org/maven2/ removed. Only http://localhost:8081/nexus/content/groups/public/ is allowed
Repository https://jcenter.bintray.com/ removed. Only http://localhost:8081/nexus/content/groups/public/ is allowed
Repository file:/C:/Users/liuqingbo/.m2/repository/ removed. Only http://localhost:8081/nexus/content/groups/public/ is allowed
Repository https://repo1.maven.org/maven2/ removed. Only http://localhost:8081/nexus/content/groups/public/ is allowed
Repository https://jcenter.bintray.com/ removed. Only http://localhost:8081/nexus/content/groups/public/ is allowed
Repository file:/C:/Users/liuqingbo/.m2/repository/ removed. Only http://localhost:8081/nexus/content/groups/public/ is allowed
Repository https://repo1.maven.org/maven2/ removed. Only http://localhost:8081/nexus/content/groups/public/ is allowed
Repository https://jcenter.bintray.com/ removed. Only http://localhost:8081/nexus/content/groups/public/ is allowed
Repository file:/C:/Users/liuqingbo/.m2/repository/ removed. Only http://localhost:8081/nexus/content/groups/public/ is allowed
Repository https://repo1.maven.org/maven2/ removed. Only http://localhost:8081/nexus/content/groups/public/ is allowed
Repository https://jcenter.bintray.com/ removed. Only http://localhost:8081/nexus/content/groups/public/ is allowed
Repository file:/C:/Users/liuqingbo/.m2/repository/ removed. Only http://localhost:8081/nexus/content/groups/public/ is allowed
Repository https://repo1.maven.org/maven2/ removed. Only http://localhost:8081/nexus/content/groups/public/ is allowed
Repository https://jcenter.bintray.com/ removed. Only http://localhost:8081/nexus/content/groups/public/ is allowed
Repository file:/C:/Users/liuqingbo/.m2/repository/ removed. Only http://localhost:8081/nexus/content/groups/public/ is allowed
Repository https://repo1.maven.org/maven2/ removed. Only http://localhost:8081/nexus/content/groups/public/ is allowed
Repository https://jcenter.bintray.com/ removed. Only http://localhost:8081/nexus/content/groups/public/ is allowed
Repository file:/C:/Users/liuqingbo/.m2/repository/ removed. Only http://localhost:8081/nexus/content/groups/public/ is allowed
Repository https://repo1.maven.org/maven2/ removed. Only http://localhost:8081/nexus/content/groups/public/ is allowed
Repository https://jcenter.bintray.com/ removed. Only http://localhost:8081/nexus/content/groups/public/ is allowed
Repository file:/C:/Users/liuqingbo/.m2/repository/ removed. Only http://localhost:8081/nexus/content/groups/public/ is allowed
Repository https://repo1.maven.org/maven2/ removed. Only http://localhost:8081/nexus/content/groups/public/ is allowed
Repository https://jcenter.bintray.com/ removed. Only http://localhost:8081/nexus/content/groups/public/ is allowed
Repository file:/C:/Users/liuqingbo/.m2/repository/ removed. Only http://localhost:8081/nexus/content/groups/public/ is allowed
Repository https://repo1.maven.org/maven2/ removed. Only http://localhost:8081/nexus/content/groups/public/ is allowed
Repository https://jcenter.bintray.com/ removed. Only http://localhost:8081/nexus/content/groups/public/ is allowed
Repository file:/C:/Users/liuqingbo/.m2/repository/ removed. Only http://localhost:8081/nexus/content/groups/public/ is allowed
Repository https://repo1.maven.org/maven2/ removed. Only http://localhost:8081/nexus/content/groups/public/ is allowed
Repository https://jcenter.bintray.com/ removed. Only http://localhost:8081/nexus/content/groups/public/ is allowed
Repository file:/C:/Users/liuqingbo/.m2/repository/ removed. Only http://localhost:8081/nexus/content/groups/public/ is allowed
Repository https://repo1.maven.org/maven2/ removed. Only http://localhost:8081/nexus/content/groups/public/ is allowed
Repository https://jcenter.bintray.com/ removed. Only http://localhost:8081/nexus/content/groups/public/ is allowed
The executable property on ForkOptions has been deprecated and is scheduled to be removed in Gradle 5.0. Please use javaHome instead.
	at build_4ndj199zaxexp4te5rae9nudu$_run_closure3$_closure5.doCall(E:\v1\code\caimi_project\cp_lottery\02code\branches\branch_01\build.gradle:38)

FAILURE: Build failed with an exception.

* Where:
Build file 'E:\v1\code\caimi_project\cp_lottery\02code\branches\branch_01\lotfilter-distributor\lotfilter-distributor.gradle' line: 3

* What went wrong:
A problem occurred evaluating project ':lotfilter-distributor'.
> lotfilter_distributor_a7rs6d6jaduxvc04juai159jp$_run_closure1$_closure7$_closure8

* Try:
Run with --stacktrace option to get the stack trace. Run with --info or --debug option to get more log output.

CONFIGURE FAILED

Total time: 40.156 secs
21:26:14.068 [DEBUG] [org.gradle.cache.internal.LockOnDemandCrossProcessCacheAccess] Releasing file lock for task history cache (E:\v1\code\caimi_project\cp_lottery\02code\branches\branch_01\.gradle\3.5.1\taskHistory)
21:26:14.068 [DEBUG] [org.gradle.cache.internal.DefaultFileLockManager] Releasing lock on task history cache (E:\v1\code\caimi_project\cp_lottery\02code\branches\branch_01\.gradle\3.5.1\taskHistory).
21:26:14.068 [DEBUG] [org.gradle.api.internal.artifacts.ivyservice.resolveengine.store.CachedStoreFactory] Resolution result cache closed. Cache reads: 0, disk reads: 0 (avg: 0.0 secs, total: 0.0 secs)
21:26:14.068 [DEBUG] [org.gradle.api.internal.artifacts.ivyservice.resolveengine.store.CachedStoreFactory] Resolution result cache closed. Cache reads: 0, disk reads: 0 (avg: 0.0 secs, total: 0.0 secs)
21:26:14.068 [DEBUG] [org.gradle.api.internal.artifacts.ivyservice.resolveengine.store.ResolutionResultsStoreFactory] Deleted 2 resolution results binary files in 0.002 secs
21:26:14.068 [DEBUG] [org.gradle.cache.internal.DefaultCacheAccess] Cache Plugin Resolution Cache (C:\Users\liuqingbo\.gradle\caches\3.5.1\plugin-resolution) was closed 0 times.
21:26:14.068 [DEBUG] [org.gradle.workers.internal.WorkerDaemonManager] Stopping 0 worker daemon(s).
21:26:14.068 [INFO] [org.gradle.workers.internal.WorkerDaemonManager] Stopped 0 worker daemon(s).
21:26:14.068 [DEBUG] [org.gradle.deployment.internal.DefaultDeploymentRegistry] Stopping 0 deployment handles
21:26:14.068 [DEBUG] [org.gradle.deployment.internal.DefaultDeploymentRegistry] Stopped deployment handles
21:26:14.068 [DEBUG] [org.gradle.cache.internal.DefaultCacheAccess] Cache Generated Gradle JARs cache (C:\Users\liuqingbo\.gradle\caches\3.5.1\generated-gradle-jars) was closed 0 times.
21:26:14.068 [DEBUG] [org.gradle.cache.internal.LockOnDemandCrossProcessCacheAccess] Releasing file lock for artifact cache (C:\Users\liuqingbo\.gradle\caches\modules-2)
21:26:14.068 [DEBUG] [org.gradle.cache.internal.btree.BTreePersistentIndexedCache] Closing cache module-metadata.bin (C:\Users\liuqingbo\.gradle\caches\modules-2\metadata-2.23\module-metadata.bin)
21:26:14.084 [DEBUG] [org.gradle.cache.internal.btree.BTreePersistentIndexedCache] Closing cache artifact-at-repository.bin (C:\Users\liuqingbo\.gradle\caches\modules-2\metadata-2.23\artifact-at-repository.bin)
21:26:14.084 [DEBUG] [org.gradle.cache.internal.DefaultFileLockManager] Releasing lock on artifact cache (C:\Users\liuqingbo\.gradle\caches\modules-2).
21:26:14.084 [DEBUG] [org.gradle.cache.internal.DefaultCacheAccess] Cache artifact cache (C:\Users\liuqingbo\.gradle\caches\modules-2) was closed 2 times.
21:26:14.084 [DEBUG] [org.gradle.launcher.daemon.server.exec.ExecuteBuild] The daemon has finished executing the build.
21:26:14.100 [DEBUG] [org.gradle.launcher.daemon.server.DaemonStateCoordinator] daemon is running. Sleeping until state changes.
21:26:14.100 [DEBUG] [org.gradle.launcher.daemon.server.DaemonStateCoordinator] Command execution: finished waiting for DaemonCommandExecution[command = Build{id=43c1694f-1023-4999-8dd7-e4f2484b5103.1, currentDir=E:\v1\code\caimi_project\cp_lottery\02code\branches\branch_01}, connection = DefaultDaemonConnection: socket connection from /127.0.0.1:50031 to /127.0.0.1:50033]. Result org.gradle.launcher.daemon.server.DaemonStateCoordinator@7be41edb with state Busy
21:26:14.100 [DEBUG] [org.gradle.launcher.daemon.server.DaemonStateCoordinator] Command execution: completed DaemonCommandExecution[command = Build{id=43c1694f-1023-4999-8dd7-e4f2484b5103.1, currentDir=E:\v1\code\caimi_project\cp_lottery\02code\branches\branch_01}, connection = DefaultDaemonConnection: socket connection from /127.0.0.1:50031 to /127.0.0.1:50033]
21:26:14.100 [DEBUG] [org.gradle.launcher.daemon.server.DaemonStateCoordinator] resetting idle timer
21:26:14.100 [INFO] [org.gradle.launcher.daemon.server.DaemonRegistryUpdater] Marking the daemon as idle, address: [b54ad3bc-d53f-4126-9e05-c9f269e5ddf1 port:50031, addresses:[/127.0.0.1, /0:0:0:0:0:0:0:1]]
21:26:14.100 [DEBUG] [org.gradle.launcher.daemon.registry.PersistentDaemonRegistry] Marking busy by address: [b54ad3bc-d53f-4126-9e05-c9f269e5ddf1 port:50031, addresses:[/127.0.0.1, /0:0:0:0:0:0:0:1]]
21:26:14.100 [DEBUG] [org.gradle.cache.internal.DefaultFileLockManager] Waiting to acquire exclusive lock on daemon addresses registry.
21:26:14.100 [DEBUG] [org.gradle.cache.internal.DefaultFileLockManager] Lock acquired on daemon addresses registry.
21:26:14.100 [DEBUG] [org.gradle.cache.internal.DefaultFileLockManager] Releasing lock on daemon addresses registry.
21:26:14.100 [DEBUG] [org.gradle.launcher.daemon.server.DaemonStateCoordinator] daemon is running. Sleeping until state changes.
21:26:14.100 [DEBUG] [org.gradle.launcher.daemon.server.exec.ReturnResult] Daemon is dispatching the build result: Failure[value=org.gradle.initialization.ReportedException: org.gradle.internal.exceptions.LocationAwareException: Build file 'E:\v1\code\caimi_project\cp_lottery\02code\branches\branch_01\lotfilter-distributor\lotfilter-distributor.gradle' line: 3
A problem occurred evaluating project ':lotfilter-distributor'.]
21:26:14.100 [DEBUG] [org.gradle.launcher.daemon.server.SynchronizedDispatchConnection] thread 14: dispatching class org.gradle.launcher.daemon.protocol.Failure
21:26:14.115 [DEBUG] [org.gradle.launcher.daemon.server.DefaultIncomingConnectionHandler] Finishing executing command: Build{id=43c1694f-1023-4999-8dd7-e4f2484b5103.1, currentDir=E:\v1\code\caimi_project\cp_lottery\02code\branches\branch_01}
21:26:14.131 [DEBUG] [org.gradle.launcher.daemon.server.SynchronizedDispatchConnection] thread 15: received class org.gradle.launcher.daemon.protocol.Finished
21:26:14.131 [DEBUG] [org.gradle.launcher.daemon.server.DefaultDaemonConnection] thread 15: Received non-IO message from client: org.gradle.launcher.daemon.protocol.Finished@13caf480
21:26:14.131 [DEBUG] [org.gradle.internal.remote.internal.inet.SocketConnection] Discarding EOFException: java.io.EOFException
21:26:14.131 [DEBUG] [org.gradle.launcher.daemon.server.SynchronizedDispatchConnection] thread 15: received null
21:26:14.131 [DEBUG] [org.gradle.launcher.daemon.server.DefaultDaemonConnection] thread 15: Received end-of-input from client.
21:26:14.131 [DEBUG] [org.gradle.launcher.daemon.server.DefaultIncomingConnectionHandler] Received finished message: null
21:26:14.131 [DEBUG] [org.gradle.launcher.daemon.server.SynchronizedDispatchConnection] thread 14: stopping connection
21:26:14.146 [DEBUG] [org.gradle.launcher.daemon.server.SynchronizedDispatchConnection] thread 14: stopping connection
21:26:18.031 [DEBUG] [org.gradle.process.internal.health.memory.MemoryManager] Emitting OS memory status event {Total: 8454565888, Free: 3289792512}
21:26:18.031 [DEBUG] [org.gradle.launcher.daemon.server.health.LowMemoryDaemonExpirationStrategy] Received memory status update: {Total: 8454565888, Free: 3289792512}
21:26:18.031 [DEBUG] [org.gradle.process.internal.health.memory.MemoryManager] Emitting JVM memory status event {Maximum: 954728448, Committed: 179830784}
21:26:20.839 [DEBUG] [org.gradle.launcher.daemon.server.Daemon] DaemonExpirationPeriodicCheck running
21:26:20.839 [DEBUG] [org.gradle.cache.internal.DefaultFileLockManager] Waiting to acquire shared lock on daemon addresses registry.
21:26:20.839 [DEBUG] [org.gradle.cache.internal.DefaultFileLockManager] Lock acquired on daemon addresses registry.
21:26:20.839 [DEBUG] [org.gradle.cache.internal.DefaultFileLockManager] Releasing lock on daemon addresses registry.
21:26:20.839 [DEBUG] [org.gradle.cache.internal.DefaultFileLockManager] Waiting to acquire shared lock on daemon addresses registry.
21:26:20.839 [DEBUG] [org.gradle.cache.internal.DefaultFileLockManager] Lock acquired on daemon addresses registry.
21:26:20.839 [DEBUG] [org.gradle.cache.internal.DefaultFileLockManager] Releasing lock on daemon addresses registry.
21:26:23.023 [DEBUG] [org.gradle.process.internal.health.memory.MemoryManager] Emitting OS memory status event {Total: 8454565888, Free: 3273662464}
21:26:23.023 [DEBUG] [org.gradle.launcher.daemon.server.health.LowMemoryDaemonExpirationStrategy] Received memory status update: {Total: 8454565888, Free: 3273662464}
21:26:23.023 [DEBUG] [org.gradle.process.internal.health.memory.MemoryManager] Emitting JVM memory status event {Maximum: 954728448, Committed: 179830784}
21:26:28.030 [DEBUG] [org.gradle.process.internal.health.memory.MemoryManager] Emitting OS memory status event {Total: 8454565888, Free: 3269545984}
21:26:28.030 [DEBUG] [org.gradle.launcher.daemon.server.health.LowMemoryDaemonExpirationStrategy] Received memory status update: {Total: 8454565888, Free: 3269545984}
21:26:28.030 [DEBUG] [org.gradle.process.internal.health.memory.MemoryManager] Emitting JVM memory status event {Maximum: 954728448, Committed: 179830784}
21:26:30.838 [DEBUG] [org.gradle.launcher.daemon.server.Daemon] DaemonExpirationPeriodicCheck running
21:26:30.838 [DEBUG] [org.gradle.cache.internal.DefaultFileLockManager] Waiting to acquire shared lock on daemon addresses registry.
21:26:30.838 [DEBUG] [org.gradle.cache.internal.DefaultFileLockManager] Lock acquired on daemon addresses registry.
21:26:30.838 [DEBUG] [org.gradle.cache.internal.DefaultFileLockManager] Releasing lock on daemon addresses registry.
21:26:30.838 [DEBUG] [org.gradle.cache.internal.DefaultFileLockManager] Waiting to acquire shared lock on daemon addresses registry.
21:26:30.838 [DEBUG] [org.gradle.cache.internal.DefaultFileLockManager] Lock acquired on daemon addresses registry.
21:26:30.838 [DEBUG] [org.gradle.cache.internal.DefaultFileLockManager] Releasing lock on daemon addresses registry.
21:26:30.838 [DEBUG] [org.gradle.cache.internal.DefaultFileLockManager] Waiting to acquire shared lock on daemon addresses registry.
21:26:30.838 [DEBUG] [org.gradle.cache.internal.DefaultFileLockManager] Lock acquired on daemon addresses registry.
21:26:30.838 [DEBUG] [org.gradle.cache.internal.DefaultFileLockManager] Releasing lock on daemon addresses registry.
21:26:30.838 [DEBUG] [org.gradle.cache.internal.DefaultFileLockManager] Waiting to acquire shared lock on daemon addresses registry.
21:26:30.838 [DEBUG] [org.gradle.cache.internal.DefaultFileLockManager] Lock acquired on daemon addresses registry.
21:26:30.838 [DEBUG] [org.gradle.cache.internal.DefaultFileLockManager] Releasing lock on daemon addresses registry.
21:26:30.838 [DEBUG] [org.gradle.launcher.daemon.server.DaemonRegistryUpdater] Storing daemon stop event: other compatible daemons were started and after being idle for 0 minutes and not recently used
21:26:30.838 [DEBUG] [org.gradle.launcher.daemon.registry.PersistentDaemonRegistry] Storing daemon stop event with timestamp 1508678790838
21:26:30.838 [DEBUG] [org.gradle.cache.internal.DefaultFileLockManager] Waiting to acquire exclusive lock on daemon addresses registry.
21:26:30.838 [DEBUG] [org.gradle.cache.internal.DefaultFileLockManager] Lock acquired on daemon addresses registry.
21:26:30.838 [DEBUG] [org.gradle.cache.internal.DefaultFileLockManager] Releasing lock on daemon addresses registry.
21:26:30.838 [LIFECYCLE] [org.gradle.launcher.daemon.server.DaemonStateCoordinator] Daemon will be stopped at the end of the build other compatible daemons were started and after being idle for 0 minutes and not recently used
21:26:30.838 [DEBUG] [org.gradle.launcher.daemon.server.DaemonStateCoordinator] Marking daemon stopped due to other compatible daemons were started and after being idle for 0 minutes and not recently used. The daemon is running a build: false
21:26:30.838 [DEBUG] [org.gradle.launcher.daemon.server.DaemonStateCoordinator] daemon has stopped.
21:26:30.838 [DEBUG] [org.gradle.launcher.daemon.server.Daemon] stop() called on daemon
21:26:30.838 [INFO] [org.gradle.launcher.daemon.server.Daemon] Stop requested. Daemon is removing its presence from the registry...
21:26:30.838 [DEBUG] [org.gradle.launcher.daemon.server.DaemonRegistryUpdater] Removing our presence to clients, eg. removing this address from the registry: [b54ad3bc-d53f-4126-9e05-c9f269e5ddf1 port:50031, addresses:[/127.0.0.1, /0:0:0:0:0:0:0:1]]
21:26:30.838 [DEBUG] [org.gradle.launcher.daemon.registry.PersistentDaemonRegistry] Removing daemon address: [b54ad3bc-d53f-4126-9e05-c9f269e5ddf1 port:50031, addresses:[/127.0.0.1, /0:0:0:0:0:0:0:1]]
21:26:30.838 [DEBUG] [org.gradle.cache.internal.DefaultFileLockManager] Waiting to acquire exclusive lock on daemon addresses registry.
21:26:30.838 [DEBUG] [org.gradle.cache.internal.DefaultFileLockManager] Lock acquired on daemon addresses registry.
21:26:30.838 [DEBUG] [org.gradle.cache.internal.DefaultFileLockManager] Releasing lock on daemon addresses registry.
21:26:30.838 [DEBUG] [org.gradle.launcher.daemon.server.DaemonRegistryUpdater] Address removed from registry.
Daemon vm is shutting down... The daemon has exited normally or was terminated in response to a user interrupt.
21:26:30.854 [DEBUG] [org.gradle.launcher.daemon.registry.PersistentDaemonRegistry] Removing daemon address: [b54ad3bc-d53f-4126-9e05-c9f269e5ddf1 port:50031, addresses:[/127.0.0.1, /0:0:0:0:0:0:0:1]]
21:26:30.854 [DEBUG] [org.gradle.cache.internal.DefaultFileLockManager] Waiting to acquire exclusive lock on daemon addresses registry.
21:26:30.854 [DEBUG] [org.gradle.cache.internal.DefaultFileLockManager] Lock acquired on daemon addresses registry.
21:26:30.854 [DEBUG] [org.gradle.cache.internal.DefaultFileLockManager] Releasing lock on daemon addresses registry.
